<?xml version="1.0" encoding="UTF-8"?>
<robot generator="Robot 7.0 (Python 3.13.1 on win32)" generated="2025-01-26T12:13:16.257391" rpa="false" schemaversion="5">
<suite id="s1" name="Stays.Feature" source="C:\Testinium-Booking\features-frontend\stays.feature.robot">
<kw name="Open BookingApp" owner="home.steps" type="SETUP">
<kw name="Run Keyword If" owner="BuiltIn">
<kw name="Create Chrome browser" owner="webdrivers">
<kw name="Get Main Url" owner="readProperty">
<msg time="2025-01-26T12:13:16.554660" level="INFO">${URL} = https://www.booking.com/</msg>
<var>${URL}</var>
<arg>${ENVIRONMENT}</arg>
<status status="PASS" start="2025-01-26T12:13:16.554527" elapsed="0.000160"/>
</kw>
<kw name="Evaluate" owner="BuiltIn">
<msg time="2025-01-26T12:13:16.554967" level="INFO">${chrome_options} = &lt;selenium.webdriver.chrome.options.Options object at 0x000002C0495852B0&gt;</msg>
<var>${chrome_options}</var>
<arg>sys.modules['selenium.webdriver'].ChromeOptions()</arg>
<arg>sys, selenium.webdriver</arg>
<doc>Evaluates the given expression in Python and returns the result.</doc>
<status status="PASS" start="2025-01-26T12:13:16.554807" elapsed="0.000181"/>
</kw>
<kw name="Call Method" owner="BuiltIn">
<arg>${chrome_options}</arg>
<arg>add_argument</arg>
<arg>--no-sandbox</arg>
<doc>Calls the named method of the given object with the provided arguments.</doc>
<status status="PASS" start="2025-01-26T12:13:16.555080" elapsed="0.000079"/>
</kw>
<kw name="Call Method" owner="BuiltIn">
<arg>${chrome_options}</arg>
<arg>add_argument</arg>
<arg>--disable-gpu</arg>
<doc>Calls the named method of the given object with the provided arguments.</doc>
<status status="PASS" start="2025-01-26T12:13:16.555227" elapsed="0.000067"/>
</kw>
<kw name="Call Method" owner="BuiltIn">
<arg>${chrome_options}</arg>
<arg>add_argument</arg>
<arg>--disable-infobars</arg>
<doc>Calls the named method of the given object with the provided arguments.</doc>
<status status="PASS" start="2025-01-26T12:13:16.555358" elapsed="0.000061"/>
</kw>
<kw name="Call Method" owner="BuiltIn">
<arg>${chrome_options}</arg>
<arg>add_argument</arg>
<arg>--disable-extensions</arg>
<doc>Calls the named method of the given object with the provided arguments.</doc>
<status status="PASS" start="2025-01-26T12:13:16.555484" elapsed="0.000059"/>
</kw>
<kw name="Call Method" owner="BuiltIn">
<arg>${chrome_options}</arg>
<arg>add_argument</arg>
<arg>--disable-dev-shm-usage</arg>
<doc>Calls the named method of the given object with the provided arguments.</doc>
<status status="PASS" start="2025-01-26T12:13:16.555602" elapsed="0.000058"/>
</kw>
<kw name="Open Browser" owner="SeleniumLibrary">
<msg time="2025-01-26T12:13:16.555912" level="INFO">Opening browser 'chrome' to base url 'https://www.booking.com/'.</msg>
<arg>${URL}</arg>
<arg>browser=${BROWSER}</arg>
<arg>options=${chrome_options}</arg>
<doc>Opens a new browser instance to the optional ``url``.</doc>
<status status="PASS" start="2025-01-26T12:13:16.555741" elapsed="2.844443"/>
</kw>
<kw name="Set Global Variable" owner="BuiltIn">
<msg time="2025-01-26T12:13:19.400684" level="INFO">${URL} = https://www.booking.com/</msg>
<arg>${URL}</arg>
<doc>Makes a variable available globally in all tests and suites.</doc>
<status status="PASS" start="2025-01-26T12:13:19.400420" elapsed="0.000312"/>
</kw>
<return>
<value>${URL}</value>
<status status="PASS" start="2025-01-26T12:13:19.400816" elapsed="0.000068"/>
</return>
<arg>${BROWSER}</arg>
<status status="PASS" start="2025-01-26T12:13:16.554367" elapsed="2.846640"/>
</kw>
<msg time="2025-01-26T12:13:19.401075" level="INFO">${URL} = https://www.booking.com/</msg>
<var>${URL}</var>
<arg>"${BROWSER}" == 'chrome'</arg>
<arg>Create Chrome browser</arg>
<arg>${BROWSER}</arg>
<arg>ELSE IF</arg>
<arg>"${BROWSER}" == 'edge'</arg>
<arg>Run Keyword</arg>
<arg>Create edge browser</arg>
<arg>${BROWSER}</arg>
<arg>ELSE IF</arg>
<arg>"${BROWSER}" == 'firefox'</arg>
<arg>Run Keyword</arg>
<arg>Create edge browser</arg>
<arg>${BROWSER}</arg>
<arg>ELSE</arg>
<arg>Fail</arg>
<arg>The browser selection is not valid</arg>
<doc>Runs the given keyword with the given arguments, if ``condition`` is true.</doc>
<status status="PASS" start="2025-01-26T12:13:16.554059" elapsed="2.847049"/>
</kw>
<kw name="Maximize Browser Window" owner="SeleniumLibrary">
<doc>Maximizes current browser window.</doc>
<status status="PASS" start="2025-01-26T12:13:19.401256" elapsed="0.048154"/>
</kw>
<kw name="Accept Cookies" owner="home.steps">
<kw name="Click Element" owner="SeleniumLibrary">
<msg time="2025-01-26T12:13:19.450214" level="INFO">Clicking element 'css=#onetrust-accept-btn-handler'.</msg>
<arg>css=${ACCEPT_COOKIES}</arg>
<doc>Click the element identified by ``locator``.</doc>
<status status="PASS" start="2025-01-26T12:13:19.449872" elapsed="0.584644"/>
</kw>
<status status="PASS" start="2025-01-26T12:13:19.449653" elapsed="0.584973"/>
</kw>
<kw name="The language preferences" owner="home.steps">
<kw name="Click Element" owner="SeleniumLibrary">
<msg time="2025-01-26T12:13:20.035221" level="INFO">Clicking element 'css=.f419a93f12:nth-child(2) .e3fa9175ee'.</msg>
<arg>${LANGUAGE_PREF_DRAWER}</arg>
<doc>Click the element identified by ``locator``.</doc>
<status status="PASS" start="2025-01-26T12:13:20.035017" elapsed="1.420750"/>
</kw>
<kw name="Wait Until Element Is Visible" owner="SeleniumLibrary">
<arg>${LANGUAGE_ENG}</arg>
<doc>Waits until the element ``locator`` is visible.</doc>
<status status="PASS" start="2025-01-26T12:13:21.455991" elapsed="0.027928"/>
</kw>
<kw name="Click Element" owner="SeleniumLibrary">
<msg time="2025-01-26T12:13:21.484317" level="INFO">Clicking element 'css=.c624d7469d:nth-child(1) &gt; .c624d7469d:nth-child(1) &gt; .Picker_selection-list:nth-child(2) .b817090550:nth-child(2) .Picker_selection-text:nth-child(1)'.</msg>
<arg>${LANGUAGE_ENG}</arg>
<doc>Click the element identified by ``locator``.</doc>
<status status="PASS" start="2025-01-26T12:13:21.484103" elapsed="2.213641"/>
</kw>
<kw name="Sleep" owner="BuiltIn">
<msg time="2025-01-26T12:13:28.698609" level="INFO">Slept 5 seconds.</msg>
<arg>5s</arg>
<doc>Pauses the test executed for the given time.</doc>
<status status="PASS" start="2025-01-26T12:13:23.698030" elapsed="5.000917"/>
</kw>
<status status="PASS" start="2025-01-26T12:13:20.034788" elapsed="8.664399"/>
</kw>
<kw name="Set Global Variable" owner="BuiltIn">
<msg time="2025-01-26T12:13:28.699844" level="INFO">${URL} = https://www.booking.com/</msg>
<arg>${URL}</arg>
<doc>Makes a variable available globally in all tests and suites.</doc>
<status status="PASS" start="2025-01-26T12:13:28.699517" elapsed="0.000385"/>
</kw>
<return>
<value>${URL}</value>
<status status="PASS" start="2025-01-26T12:13:28.699992" elapsed="0.000083"/>
</return>
<status status="PASS" start="2025-01-26T12:13:16.553482" elapsed="12.146743"/>
</kw>
<test id="s1-t1" name="Scenario: Searching for the destinations field" line="9">
<kw name="Given I click on destination field" owner="stays.steps">
<kw name="Wait Until Element Is Enabled" owner="SeleniumLibrary">
<arg>${DESTINATION_FIELD}</arg>
<arg>timeout=10</arg>
<doc>Waits until the element ``locator`` is enabled.</doc>
<status status="PASS" start="2025-01-26T12:13:28.701757" elapsed="0.026873"/>
</kw>
<kw name="Get Element Attribute" owner="SeleniumLibrary">
<msg time="2025-01-26T12:13:28.728773" level="WARN">Keyword 'Get Element Attribute' found both from a custom library 'SeleniumLibrary' and a standard library 'XML'. The custom keyword is used. To select explicitly, and to get rid of this warning, use either 'SeleniumLibrary.Get Element Attribute' or 'XML.Get Element Attribute'.</msg>
<msg time="2025-01-26T12:13:28.746828" level="INFO">${dest_placeholder_text} = Where are you going?</msg>
<var>${dest_placeholder_text}</var>
<arg>${DESTINATION_FIELD}</arg>
<arg>placeholder</arg>
<doc>Returns the value of ``attribute`` from the element ``locator``.</doc>
<status status="PASS" start="2025-01-26T12:13:28.728816" elapsed="0.018051"/>
</kw>
<kw name="Should Be Equal As Strings" owner="BuiltIn">
<arg>${DESTINATION_PLACEHOLDER_TEXT}</arg>
<arg>${dest_placeholder_text}</arg>
<doc>Fails if objects are unequal after converting them to strings.</doc>
<status status="PASS" start="2025-01-26T12:13:28.747192" elapsed="0.000214"/>
</kw>
<kw name="Click Element" owner="SeleniumLibrary">
<msg time="2025-01-26T12:13:28.747695" level="INFO">Clicking element '//input[contains(@aria-label,'Where are you going?')]'.</msg>
<arg>${DESTINATION_FIELD}</arg>
<doc>Click the element identified by ``locator``.</doc>
<status status="PASS" start="2025-01-26T12:13:28.747545" elapsed="0.072222"/>
</kw>
<kw name="Sleep" owner="BuiltIn">
<msg time="2025-01-26T12:13:30.820927" level="INFO">Slept 2 seconds.</msg>
<arg>2s</arg>
<doc>Pauses the test executed for the given time.</doc>
<status status="PASS" start="2025-01-26T12:13:28.820059" elapsed="2.000993"/>
</kw>
<status status="PASS" start="2025-01-26T12:13:28.701364" elapsed="2.119797"/>
</kw>
<kw name="Then The list of destinations is displayed" owner="stays.steps">
<kw name="Wait Until Element Is Visible" owner="SeleniumLibrary">
<msg time="2025-01-26T12:13:30.827870" level="WARN">Keyword 'Capture Page Screenshot' could not be run on failure: Message: no such window: target window already closed
from unknown error: web view not found
  (Session info: chrome=132.0.6834.84)
Stacktrace:
	GetHandleVerifier [0x00007FF78AA1FBE5+28741]
	(No symbol) [0x00007FF78A987890]
	(No symbol) [0x00007FF78A824FDA]
	(No symbol) [0x00007FF78A7FED45]
	(No symbol) [0x00007FF78A8A6EC7]
	(No symbol) [0x00007FF78A8BF982]
	(No symbol) [0x00007FF78A89FCB3]
	(No symbol) [0x00007FF78A869FB3]
	(No symbol) [0x00007FF78A86B331]
	GetHandleVerifier [0x00007FF78AD5A73D+3414941]
	GetHandleVerifier [0x00007FF78AD6E64A+3496618]
	GetHandleVerifier [0x00007FF78AD6413D+3454365]
	GetHandleVerifier [0x00007FF78AAE848B+850155]
	(No symbol) [0x00007FF78A9937FF]
	(No symbol) [0x00007FF78A98F0C4]
	(No symbol) [0x00007FF78A98F25D]
	(No symbol) [0x00007FF78A97E079]
	BaseThreadInitThunk [0x00007FFB18D8259D+29]
	RtlUserThreadStart [0x00007FFB19A2AF38+40]
</msg>
<msg time="2025-01-26T12:13:30.833608" level="FAIL">NoSuchWindowException: Message: no such window: target window already closed
from unknown error: web view not found
  (Session info: chrome=132.0.6834.84)
Stacktrace:
	GetHandleVerifier [0x00007FF78AA1FBE5+28741]
	(No symbol) [0x00007FF78A987890]
	(No symbol) [0x00007FF78A824FDA]
	(No symbol) [0x00007FF78A7FED45]
	(No symbol) [0x00007FF78A8A6EC7]
	(No symbol) [0x00007FF78A8BF982]
	(No symbol) [0x00007FF78A89FCB3]
	(No symbol) [0x00007FF78A869FB3]
	(No symbol) [0x00007FF78A86B331]
	GetHandleVerifier [0x00007FF78AD5A73D+3414941]
	GetHandleVerifier [0x00007FF78AD6E64A+3496618]
	GetHandleVerifier [0x00007FF78AD6413D+3454365]
	GetHandleVerifier [0x00007FF78AAE848B+850155]
	(No symbol) [0x00007FF78A9937FF]
	(No symbol) [0x00007FF78A98F0C4]
	(No symbol) [0x00007FF78A98F25D]
	(No symbol) [0x00007FF78A97E079]
	BaseThreadInitThunk [0x00007FFB18D8259D+29]
	RtlUserThreadStart [0x00007FFB19A2AF38+40]
</msg>
<arg>${DESTINATION_CITIES}</arg>
<doc>Waits until the element ``locator`` is visible.</doc>
<status status="FAIL" start="2025-01-26T12:13:30.822594" elapsed="0.016861">NoSuchWindowException: Message: no such window: target window already closed
from unknown error: web view not found
  (Session info: chrome=132.0.6834.84)
Stacktrace:
	GetHandleVerifier [0x00007FF78AA1FBE5+28741]
	(No symbol) [0x00007FF78A987890]
	(No symbol) [0x00007FF78A824FDA]
	(No symbol) [0x00007FF78A7FED45]
	(No symbol) [0x00007FF78A8A6EC7]
	(No symbol) [0x00007FF78A8BF982]
	(No symbol) [0x00007FF78A89FCB3]
	(No symbol) [0x00007FF78A869FB3]
	(No symbol) [0x00007FF78A86B331]
	GetHandleVerifier [0x00007FF78AD5A73D+3414941]
	GetHandleVerifier [0x00007FF78AD6E64A+3496618]
	GetHandleVerifier [0x00007FF78AD6413D+3454365]
	GetHandleVerifier [0x00007FF78AAE848B+850155]
	(No symbol) [0x00007FF78A9937FF]
	(No symbol) [0x00007FF78A98F0C4]
	(No symbol) [0x00007FF78A98F25D]
	(No symbol) [0x00007FF78A97E079]
	BaseThreadInitThunk [0x00007FFB18D8259D+29]
	RtlUserThreadStart [0x00007FFB19A2AF38+40]
</status>
</kw>
<kw name="Get WebElements" owner="SeleniumLibrary">
<var>${destination_items}</var>
<arg>${DESTINATION_CITIES}</arg>
<doc>Returns a list of WebElement objects matching the ``locator``.</doc>
<status status="NOT RUN" start="2025-01-26T12:13:30.839920" elapsed="0.000054"/>
</kw>
<kw name="Get Length" owner="BuiltIn">
<var>${l}</var>
<arg>${destination_items}</arg>
<doc>Returns and logs the length of the given item as an integer.</doc>
<status status="NOT RUN" start="2025-01-26T12:13:30.840154" elapsed="0.000038"/>
</kw>
<kw name="Set Global Variable" owner="BuiltIn">
<arg>@{destination_items}</arg>
<doc>Makes a variable available globally in all tests and suites.</doc>
<status status="NOT RUN" start="2025-01-26T12:13:30.840372" elapsed="0.000038"/>
</kw>
<kw name="Set Global Variable" owner="BuiltIn">
<arg>${l}</arg>
<doc>Makes a variable available globally in all tests and suites.</doc>
<status status="NOT RUN" start="2025-01-26T12:13:30.840559" elapsed="0.000039"/>
</kw>
<return>
<value>${destination_items}</value>
<value>${l}</value>
<status status="NOT RUN" start="2025-01-26T12:13:30.840670" elapsed="0.000037"/>
</return>
<status status="FAIL" start="2025-01-26T12:13:30.822186" elapsed="0.018720">NoSuchWindowException: Message: no such window: target window already closed
from unknown error: web view not found
  (Session info: chrome=132.0.6834.84)
Stacktrace:
	GetHandleVerifier [0x00007FF78AA1FBE5+28741]
	(No symbol) [0x00007FF78A987890]
	(No symbol) [0x00007FF78A824FDA]
	(No symbol) [0x00007FF78A7FED45]
	(No symbol) [0x00007FF78A8A6EC7]
	(No symbol) [0x00007FF78A8BF982]
	(No symbol) [0x00007FF78A89FCB3]
	(No symbol) [0x00007FF78A869FB3]
	(No symbol) [0x00007FF78A86B331]
	GetHandleVerifier [0x00007FF78AD5A73D+3414941]
	GetHandleVerifier [0x00007FF78AD6E64A+3496618]
	GetHandleVerifier [0x00007FF78AD6413D+3454365]
	GetHandleVerifier [0x00007FF78AAE848B+850155]
	(No symbol) [0x00007FF78A9937FF]
	(No symbol) [0x00007FF78A98F0C4]
	(No symbol) [0x00007FF78A98F25D]
	(No symbol) [0x00007FF78A97E079]
	BaseThreadInitThunk [0x00007FFB18D8259D+29]
	RtlUserThreadStart [0x00007FFB19A2AF38+40]
</status>
</kw>
<kw name="Run Keyword If Test Failed" owner="BuiltIn" type="TEARDOWN">
<kw name="Capture Page Screenshot" owner="SeleniumLibrary">
<msg time="2025-01-26T12:13:30.847333" level="WARN">Keyword 'Capture Page Screenshot' could not be run on failure: Message: no such window: target window already closed
from unknown error: web view not found
  (Session info: chrome=132.0.6834.84)
Stacktrace:
	GetHandleVerifier [0x00007FF78AA1FBE5+28741]
	(No symbol) [0x00007FF78A987890]
	(No symbol) [0x00007FF78A824FDA]
	(No symbol) [0x00007FF78A7FED45]
	(No symbol) [0x00007FF78A8A6EC7]
	(No symbol) [0x00007FF78A8BF982]
	(No symbol) [0x00007FF78A89FCB3]
	(No symbol) [0x00007FF78A869FB3]
	(No symbol) [0x00007FF78A86B331]
	GetHandleVerifier [0x00007FF78AD5A73D+3414941]
	GetHandleVerifier [0x00007FF78AD6E64A+3496618]
	GetHandleVerifier [0x00007FF78AD6413D+3454365]
	GetHandleVerifier [0x00007FF78AAE848B+850155]
	(No symbol) [0x00007FF78A9937FF]
	(No symbol) [0x00007FF78A98F0C4]
	(No symbol) [0x00007FF78A98F25D]
	(No symbol) [0x00007FF78A97E079]
	BaseThreadInitThunk [0x00007FFB18D8259D+29]
	RtlUserThreadStart [0x00007FFB19A2AF38+40]
</msg>
<msg time="2025-01-26T12:13:30.852129" level="FAIL">NoSuchWindowException: Message: no such window: target window already closed
from unknown error: web view not found
  (Session info: chrome=132.0.6834.84)
Stacktrace:
	GetHandleVerifier [0x00007FF78AA1FBE5+28741]
	(No symbol) [0x00007FF78A987890]
	(No symbol) [0x00007FF78A824FDA]
	(No symbol) [0x00007FF78A7FED45]
	(No symbol) [0x00007FF78A8A6EC7]
	(No symbol) [0x00007FF78A8BF982]
	(No symbol) [0x00007FF78A89FCB3]
	(No symbol) [0x00007FF78A869FB3]
	(No symbol) [0x00007FF78A86B331]
	GetHandleVerifier [0x00007FF78AD5A73D+3414941]
	GetHandleVerifier [0x00007FF78AD6E64A+3496618]
	GetHandleVerifier [0x00007FF78AD6413D+3454365]
	GetHandleVerifier [0x00007FF78AAE848B+850155]
	(No symbol) [0x00007FF78A9937FF]
	(No symbol) [0x00007FF78A98F0C4]
	(No symbol) [0x00007FF78A98F25D]
	(No symbol) [0x00007FF78A97E079]
	BaseThreadInitThunk [0x00007FFB18D8259D+29]
	RtlUserThreadStart [0x00007FFB19A2AF38+40]
</msg>
<doc>Takes a screenshot of the current page and embeds it into a log file.</doc>
<status status="FAIL" start="2025-01-26T12:13:30.841983" elapsed="0.013078">NoSuchWindowException: Message: no such window: target window already closed
from unknown error: web view not found
  (Session info: chrome=132.0.6834.84)
Stacktrace:
	GetHandleVerifier [0x00007FF78AA1FBE5+28741]
	(No symbol) [0x00007FF78A987890]
	(No symbol) [0x00007FF78A824FDA]
	(No symbol) [0x00007FF78A7FED45]
	(No symbol) [0x00007FF78A8A6EC7]
	(No symbol) [0x00007FF78A8BF982]
	(No symbol) [0x00007FF78A89FCB3]
	(No symbol) [0x00007FF78A869FB3]
	(No symbol) [0x00007FF78A86B331]
	GetHandleVerifier [0x00007FF78AD5A73D+3414941]
	GetHandleVerifier [0x00007FF78AD6E64A+3496618]
	GetHandleVerifier [0x00007FF78AD6413D+3454365]
	GetHandleVerifier [0x00007FF78AAE848B+850155]
	(No symbol) [0x00007FF78A9937FF]
	(No symbol) [0x00007FF78A98F0C4]
	(No symbol) [0x00007FF78A98F25D]
	(No symbol) [0x00007FF78A97E079]
	BaseThreadInitThunk [0x00007FFB18D8259D+29]
	RtlUserThreadStart [0x00007FFB19A2AF38+40]
</status>
</kw>
<arg>Capture Page Screenshot</arg>
<doc>Runs the given keyword with the given arguments, if the test failed.</doc>
<status status="FAIL" start="2025-01-26T12:13:30.841743" elapsed="0.013519">NoSuchWindowException: Message: no such window: target window already closed
from unknown error: web view not found
  (Session info: chrome=132.0.6834.84)
Stacktrace:
	GetHandleVerifier [0x00007FF78AA1FBE5+28741]
	(No symbol) [0x00007FF78A987890]
	(No symbol) [0x00007FF78A824FDA]
	(No symbol) [0x00007FF78A7FED45]
	(No symbol) [0x00007FF78A8A6EC7]
	(No symbol) [0x00007FF78A8BF982]
	(No symbol) [0x00007FF78A89FCB3]
	(No symbol) [0x00007FF78A869FB3]
	(No symbol) [0x00007FF78A86B331]
	GetHandleVerifier [0x00007FF78AD5A73D+3414941]
	GetHandleVerifier [0x00007FF78AD6E64A+3496618]
	GetHandleVerifier [0x00007FF78AD6413D+3454365]
	GetHandleVerifier [0x00007FF78AAE848B+850155]
	(No symbol) [0x00007FF78A9937FF]
	(No symbol) [0x00007FF78A98F0C4]
	(No symbol) [0x00007FF78A98F25D]
	(No symbol) [0x00007FF78A97E079]
	BaseThreadInitThunk [0x00007FFB18D8259D+29]
	RtlUserThreadStart [0x00007FFB19A2AF38+40]
</status>
</kw>
<doc>Verify the functionality of the destination input field
Ensure users can view suggestions for popular nearby destinations</doc>
<tag>High</tag>
<tag>UC-STAYS</tag>
<status status="FAIL" start="2025-01-26T12:13:28.700337" elapsed="2.155506">NoSuchWindowException: Message: no such window: target window already closed
from unknown error: web view not found
  (Session info: chrome=132.0.6834.84)
Stacktrace:
	GetHandleVerifier [0x00007FF78AA1FBE5+28741]
	(No symbol) [0x00007FF78A987890]
	(No symbol) [0x00007FF78A824FDA]
	(No symbol) [0x00007FF78A7FED45]
	(No symbol) [0x00007FF78A8A6EC7]
	(No symbol) [0x00007FF78A8BF982]
	(No symbol) [0x00007FF78A89FCB3]
	(No symbol) [0x00007FF78A869FB3]
	(No symbol) [0x00007FF78A86B331]
	GetHandleVerifier [0x00007FF78AD5A73D+3414941]
	GetHandleVerifier [0x00007FF78AD6E64A+3496618]
	GetHandleVerifier [0x00007FF78AD6413D+3454365]
	GetHandleVerifier [0x00007FF78AAE848B+850155]
	(No symbol) [0x00007FF78A9937FF]
	(No symbol) [0x00007FF78A98F0C4]
	(No symbol) [0x00007FF78A98F25D]
	(No symbol) [0x00007FF78A97E079]
	BaseThreadInitThunk [0x00007FFB18D8259D+29]
	RtlUserThreadStart [0x00007FFB19A2AF38+40]


Also teardown failed:
NoSuchWindowException: Message: no such window: target window already closed
from unknown error: web view not found
  (Session info: chrome=132.0.6834.84)
Stacktrace:
	GetHandleVerifier [0x00007FF78AA1FBE5+28741]
	(No symbol) [0x00007FF78A987890]
	(No symbol) [0x00007FF78A824FDA]
	(No symbol) [0x00007FF78A7FED45]
	(No symbol) [0x00007FF78A8A6EC7]
	(No symbol) [0x00007FF78A8BF982]
	(No symbol) [0x00007FF78A89FCB3]
	(No symbol) [0x00007FF78A869FB3]
	(No symbol) [0x00007FF78A86B331]
	GetHandleVerifier [0x00007FF78AD5A73D+3414941]
	GetHandleVerifier [0x00007FF78AD6E64A+3496618]
	GetHandleVerifier [0x00007FF78AD6413D+3454365]
	GetHandleVerifier [0x00007FF78AAE848B+850155]
	(No symbol) [0x00007FF78A9937FF]
	(No symbol) [0x00007FF78A98F0C4]
	(No symbol) [0x00007FF78A98F25D]
	(No symbol) [0x00007FF78A97E079]
	BaseThreadInitThunk [0x00007FFB18D8259D+29]
	RtlUserThreadStart [0x00007FFB19A2AF38+40]
</status>
</test>
<test id="s1-t2" name="Scenario: Verify the list of destination field after entering input" line="17">
<kw name="Given I click on destination field" owner="stays.steps">
<kw name="Wait Until Element Is Enabled" owner="SeleniumLibrary">
<msg time="2025-01-26T12:13:30.867889" level="WARN">Keyword 'Capture Page Screenshot' could not be run on failure: Message: no such window: target window already closed
from unknown error: web view not found
  (Session info: chrome=132.0.6834.84)
Stacktrace:
	GetHandleVerifier [0x00007FF78AA1FBE5+28741]
	(No symbol) [0x00007FF78A987890]
	(No symbol) [0x00007FF78A824FDA]
	(No symbol) [0x00007FF78A7FED45]
	(No symbol) [0x00007FF78A8A6EC7]
	(No symbol) [0x00007FF78A8BF982]
	(No symbol) [0x00007FF78A89FCB3]
	(No symbol) [0x00007FF78A869FB3]
	(No symbol) [0x00007FF78A86B331]
	GetHandleVerifier [0x00007FF78AD5A73D+3414941]
	GetHandleVerifier [0x00007FF78AD6E64A+3496618]
	GetHandleVerifier [0x00007FF78AD6413D+3454365]
	GetHandleVerifier [0x00007FF78AAE848B+850155]
	(No symbol) [0x00007FF78A9937FF]
	(No symbol) [0x00007FF78A98F0C4]
	(No symbol) [0x00007FF78A98F25D]
	(No symbol) [0x00007FF78A97E079]
	BaseThreadInitThunk [0x00007FFB18D8259D+29]
	RtlUserThreadStart [0x00007FFB19A2AF38+40]
</msg>
<msg time="2025-01-26T12:13:30.872007" level="FAIL">NoSuchWindowException: Message: no such window: target window already closed
from unknown error: web view not found
  (Session info: chrome=132.0.6834.84)
Stacktrace:
	GetHandleVerifier [0x00007FF78AA1FBE5+28741]
	(No symbol) [0x00007FF78A987890]
	(No symbol) [0x00007FF78A824FDA]
	(No symbol) [0x00007FF78A7FED45]
	(No symbol) [0x00007FF78A8A6EC7]
	(No symbol) [0x00007FF78A8BF982]
	(No symbol) [0x00007FF78A89FCB3]
	(No symbol) [0x00007FF78A869FB3]
	(No symbol) [0x00007FF78A86B331]
	GetHandleVerifier [0x00007FF78AD5A73D+3414941]
	GetHandleVerifier [0x00007FF78AD6E64A+3496618]
	GetHandleVerifier [0x00007FF78AD6413D+3454365]
	GetHandleVerifier [0x00007FF78AAE848B+850155]
	(No symbol) [0x00007FF78A9937FF]
	(No symbol) [0x00007FF78A98F0C4]
	(No symbol) [0x00007FF78A98F25D]
	(No symbol) [0x00007FF78A97E079]
	BaseThreadInitThunk [0x00007FFB18D8259D+29]
	RtlUserThreadStart [0x00007FFB19A2AF38+40]
</msg>
<arg>${DESTINATION_FIELD}</arg>
<arg>timeout=10</arg>
<doc>Waits until the element ``locator`` is enabled.</doc>
<status status="FAIL" start="2025-01-26T12:13:30.864051" elapsed="0.010559">NoSuchWindowException: Message: no such window: target window already closed
from unknown error: web view not found
  (Session info: chrome=132.0.6834.84)
Stacktrace:
	GetHandleVerifier [0x00007FF78AA1FBE5+28741]
	(No symbol) [0x00007FF78A987890]
	(No symbol) [0x00007FF78A824FDA]
	(No symbol) [0x00007FF78A7FED45]
	(No symbol) [0x00007FF78A8A6EC7]
	(No symbol) [0x00007FF78A8BF982]
	(No symbol) [0x00007FF78A89FCB3]
	(No symbol) [0x00007FF78A869FB3]
	(No symbol) [0x00007FF78A86B331]
	GetHandleVerifier [0x00007FF78AD5A73D+3414941]
	GetHandleVerifier [0x00007FF78AD6E64A+3496618]
	GetHandleVerifier [0x00007FF78AD6413D+3454365]
	GetHandleVerifier [0x00007FF78AAE848B+850155]
	(No symbol) [0x00007FF78A9937FF]
	(No symbol) [0x00007FF78A98F0C4]
	(No symbol) [0x00007FF78A98F25D]
	(No symbol) [0x00007FF78A97E079]
	BaseThreadInitThunk [0x00007FFB18D8259D+29]
	RtlUserThreadStart [0x00007FFB19A2AF38+40]
</status>
</kw>
<kw name="Get Element Attribute" owner="SeleniumLibrary">
<var>${dest_placeholder_text}</var>
<arg>${DESTINATION_FIELD}</arg>
<arg>placeholder</arg>
<doc>Returns the value of ``attribute`` from the element ``locator``.</doc>
<status status="NOT RUN" start="2025-01-26T12:13:30.874852" elapsed="0.000041"/>
</kw>
<kw name="Should Be Equal As Strings" owner="BuiltIn">
<arg>${DESTINATION_PLACEHOLDER_TEXT}</arg>
<arg>${dest_placeholder_text}</arg>
<doc>Fails if objects are unequal after converting them to strings.</doc>
<status status="NOT RUN" start="2025-01-26T12:13:30.874979" elapsed="0.000018"/>
</kw>
<kw name="Click Element" owner="SeleniumLibrary">
<arg>${DESTINATION_FIELD}</arg>
<doc>Click the element identified by ``locator``.</doc>
<status status="NOT RUN" start="2025-01-26T12:13:30.875112" elapsed="0.000016"/>
</kw>
<kw name="Sleep" owner="BuiltIn">
<arg>2s</arg>
<doc>Pauses the test executed for the given time.</doc>
<status status="NOT RUN" start="2025-01-26T12:13:30.875193" elapsed="0.000014"/>
</kw>
<status status="FAIL" start="2025-01-26T12:13:30.863767" elapsed="0.011537">NoSuchWindowException: Message: no such window: target window already closed
from unknown error: web view not found
  (Session info: chrome=132.0.6834.84)
Stacktrace:
	GetHandleVerifier [0x00007FF78AA1FBE5+28741]
	(No symbol) [0x00007FF78A987890]
	(No symbol) [0x00007FF78A824FDA]
	(No symbol) [0x00007FF78A7FED45]
	(No symbol) [0x00007FF78A8A6EC7]
	(No symbol) [0x00007FF78A8BF982]
	(No symbol) [0x00007FF78A89FCB3]
	(No symbol) [0x00007FF78A869FB3]
	(No symbol) [0x00007FF78A86B331]
	GetHandleVerifier [0x00007FF78AD5A73D+3414941]
	GetHandleVerifier [0x00007FF78AD6E64A+3496618]
	GetHandleVerifier [0x00007FF78AD6413D+3454365]
	GetHandleVerifier [0x00007FF78AAE848B+850155]
	(No symbol) [0x00007FF78A9937FF]
	(No symbol) [0x00007FF78A98F0C4]
	(No symbol) [0x00007FF78A98F25D]
	(No symbol) [0x00007FF78A97E079]
	BaseThreadInitThunk [0x00007FFB18D8259D+29]
	RtlUserThreadStart [0x00007FFB19A2AF38+40]
</status>
</kw>
<kw name="When I enter &quot;P&quot; &quot;A&quot; in the input field" owner="stays.steps" source_name="When I enter &quot;${P}&quot; &quot;${A}&quot; in the input field">
<status status="NOT RUN" start="2025-01-26T12:13:30.876141" elapsed="0.000044"/>
</kw>
<kw name="And The list of destinations matching the input" owner="stays.steps">
<status status="NOT RUN" start="2025-01-26T12:13:30.876736" elapsed="0.000049"/>
</kw>
<kw name="Run Keyword If Test Failed" owner="BuiltIn" type="TEARDOWN">
<kw name="Capture Page Screenshot" owner="SeleniumLibrary">
<msg time="2025-01-26T12:13:30.880403" level="WARN">Keyword 'Capture Page Screenshot' could not be run on failure: Message: no such window: target window already closed
from unknown error: web view not found
  (Session info: chrome=132.0.6834.84)
Stacktrace:
	GetHandleVerifier [0x00007FF78AA1FBE5+28741]
	(No symbol) [0x00007FF78A987890]
	(No symbol) [0x00007FF78A824FDA]
	(No symbol) [0x00007FF78A7FED45]
	(No symbol) [0x00007FF78A8A6EC7]
	(No symbol) [0x00007FF78A8BF982]
	(No symbol) [0x00007FF78A89FCB3]
	(No symbol) [0x00007FF78A869FB3]
	(No symbol) [0x00007FF78A86B331]
	GetHandleVerifier [0x00007FF78AD5A73D+3414941]
	GetHandleVerifier [0x00007FF78AD6E64A+3496618]
	GetHandleVerifier [0x00007FF78AD6413D+3454365]
	GetHandleVerifier [0x00007FF78AAE848B+850155]
	(No symbol) [0x00007FF78A9937FF]
	(No symbol) [0x00007FF78A98F0C4]
	(No symbol) [0x00007FF78A98F25D]
	(No symbol) [0x00007FF78A97E079]
	BaseThreadInitThunk [0x00007FFB18D8259D+29]
	RtlUserThreadStart [0x00007FFB19A2AF38+40]
</msg>
<msg time="2025-01-26T12:13:30.883223" level="FAIL">NoSuchWindowException: Message: no such window: target window already closed
from unknown error: web view not found
  (Session info: chrome=132.0.6834.84)
Stacktrace:
	GetHandleVerifier [0x00007FF78AA1FBE5+28741]
	(No symbol) [0x00007FF78A987890]
	(No symbol) [0x00007FF78A824FDA]
	(No symbol) [0x00007FF78A7FED45]
	(No symbol) [0x00007FF78A8A6EC7]
	(No symbol) [0x00007FF78A8BF982]
	(No symbol) [0x00007FF78A89FCB3]
	(No symbol) [0x00007FF78A869FB3]
	(No symbol) [0x00007FF78A86B331]
	GetHandleVerifier [0x00007FF78AD5A73D+3414941]
	GetHandleVerifier [0x00007FF78AD6E64A+3496618]
	GetHandleVerifier [0x00007FF78AD6413D+3454365]
	GetHandleVerifier [0x00007FF78AAE848B+850155]
	(No symbol) [0x00007FF78A9937FF]
	(No symbol) [0x00007FF78A98F0C4]
	(No symbol) [0x00007FF78A98F25D]
	(No symbol) [0x00007FF78A97E079]
	BaseThreadInitThunk [0x00007FFB18D8259D+29]
	RtlUserThreadStart [0x00007FFB19A2AF38+40]
</msg>
<doc>Takes a screenshot of the current page and embeds it into a log file.</doc>
<status status="FAIL" start="2025-01-26T12:13:30.877562" elapsed="0.006856">NoSuchWindowException: Message: no such window: target window already closed
from unknown error: web view not found
  (Session info: chrome=132.0.6834.84)
Stacktrace:
	GetHandleVerifier [0x00007FF78AA1FBE5+28741]
	(No symbol) [0x00007FF78A987890]
	(No symbol) [0x00007FF78A824FDA]
	(No symbol) [0x00007FF78A7FED45]
	(No symbol) [0x00007FF78A8A6EC7]
	(No symbol) [0x00007FF78A8BF982]
	(No symbol) [0x00007FF78A89FCB3]
	(No symbol) [0x00007FF78A869FB3]
	(No symbol) [0x00007FF78A86B331]
	GetHandleVerifier [0x00007FF78AD5A73D+3414941]
	GetHandleVerifier [0x00007FF78AD6E64A+3496618]
	GetHandleVerifier [0x00007FF78AD6413D+3454365]
	GetHandleVerifier [0x00007FF78AAE848B+850155]
	(No symbol) [0x00007FF78A9937FF]
	(No symbol) [0x00007FF78A98F0C4]
	(No symbol) [0x00007FF78A98F25D]
	(No symbol) [0x00007FF78A97E079]
	BaseThreadInitThunk [0x00007FFB18D8259D+29]
	RtlUserThreadStart [0x00007FFB19A2AF38+40]
</status>
</kw>
<arg>Capture Page Screenshot</arg>
<doc>Runs the given keyword with the given arguments, if the test failed.</doc>
<status status="FAIL" start="2025-01-26T12:13:30.877379" elapsed="0.007161">NoSuchWindowException: Message: no such window: target window already closed
from unknown error: web view not found
  (Session info: chrome=132.0.6834.84)
Stacktrace:
	GetHandleVerifier [0x00007FF78AA1FBE5+28741]
	(No symbol) [0x00007FF78A987890]
	(No symbol) [0x00007FF78A824FDA]
	(No symbol) [0x00007FF78A7FED45]
	(No symbol) [0x00007FF78A8A6EC7]
	(No symbol) [0x00007FF78A8BF982]
	(No symbol) [0x00007FF78A89FCB3]
	(No symbol) [0x00007FF78A869FB3]
	(No symbol) [0x00007FF78A86B331]
	GetHandleVerifier [0x00007FF78AD5A73D+3414941]
	GetHandleVerifier [0x00007FF78AD6E64A+3496618]
	GetHandleVerifier [0x00007FF78AD6413D+3454365]
	GetHandleVerifier [0x00007FF78AAE848B+850155]
	(No symbol) [0x00007FF78A9937FF]
	(No symbol) [0x00007FF78A98F0C4]
	(No symbol) [0x00007FF78A98F25D]
	(No symbol) [0x00007FF78A97E079]
	BaseThreadInitThunk [0x00007FFB18D8259D+29]
	RtlUserThreadStart [0x00007FFB19A2AF38+40]
</status>
</kw>
<doc>Verify that the list of destinations on the stays page is displayed after inputing a value on the "Destiona" field</doc>
<tag>High</tag>
<tag>UC-STAYS</tag>
<status status="FAIL" start="2025-01-26T12:13:30.863046" elapsed="0.021809">NoSuchWindowException: Message: no such window: target window already closed
from unknown error: web view not found
  (Session info: chrome=132.0.6834.84)
Stacktrace:
	GetHandleVerifier [0x00007FF78AA1FBE5+28741]
	(No symbol) [0x00007FF78A987890]
	(No symbol) [0x00007FF78A824FDA]
	(No symbol) [0x00007FF78A7FED45]
	(No symbol) [0x00007FF78A8A6EC7]
	(No symbol) [0x00007FF78A8BF982]
	(No symbol) [0x00007FF78A89FCB3]
	(No symbol) [0x00007FF78A869FB3]
	(No symbol) [0x00007FF78A86B331]
	GetHandleVerifier [0x00007FF78AD5A73D+3414941]
	GetHandleVerifier [0x00007FF78AD6E64A+3496618]
	GetHandleVerifier [0x00007FF78AD6413D+3454365]
	GetHandleVerifier [0x00007FF78AAE848B+850155]
	(No symbol) [0x00007FF78A9937FF]
	(No symbol) [0x00007FF78A98F0C4]
	(No symbol) [0x00007FF78A98F25D]
	(No symbol) [0x00007FF78A97E079]
	BaseThreadInitThunk [0x00007FFB18D8259D+29]
	RtlUserThreadStart [0x00007FFB19A2AF38+40]


Also teardown failed:
NoSuchWindowException: Message: no such window: target window already closed
from unknown error: web view not found
  (Session info: chrome=132.0.6834.84)
Stacktrace:
	GetHandleVerifier [0x00007FF78AA1FBE5+28741]
	(No symbol) [0x00007FF78A987890]
	(No symbol) [0x00007FF78A824FDA]
	(No symbol) [0x00007FF78A7FED45]
	(No symbol) [0x00007FF78A8A6EC7]
	(No symbol) [0x00007FF78A8BF982]
	(No symbol) [0x00007FF78A89FCB3]
	(No symbol) [0x00007FF78A869FB3]
	(No symbol) [0x00007FF78A86B331]
	GetHandleVerifier [0x00007FF78AD5A73D+3414941]
	GetHandleVerifier [0x00007FF78AD6E64A+3496618]
	GetHandleVerifier [0x00007FF78AD6413D+3454365]
	GetHandleVerifier [0x00007FF78AAE848B+850155]
	(No symbol) [0x00007FF78A9937FF]
	(No symbol) [0x00007FF78A98F0C4]
	(No symbol) [0x00007FF78A98F25D]
	(No symbol) [0x00007FF78A97E079]
	BaseThreadInitThunk [0x00007FFB18D8259D+29]
	RtlUserThreadStart [0x00007FFB19A2AF38+40]
</status>
</test>
<test id="s1-t3" name="Scenario: Assign a new destination to a destination field" line="25">
<kw name="Given I click on destination field" owner="stays.steps">
<kw name="Wait Until Element Is Enabled" owner="SeleniumLibrary">
<msg time="2025-01-26T12:13:30.893104" level="WARN">Keyword 'Capture Page Screenshot' could not be run on failure: Message: no such window: target window already closed
from unknown error: web view not found
  (Session info: chrome=132.0.6834.84)
Stacktrace:
	GetHandleVerifier [0x00007FF78AA1FBE5+28741]
	(No symbol) [0x00007FF78A987890]
	(No symbol) [0x00007FF78A824FDA]
	(No symbol) [0x00007FF78A7FED45]
	(No symbol) [0x00007FF78A8A6EC7]
	(No symbol) [0x00007FF78A8BF982]
	(No symbol) [0x00007FF78A89FCB3]
	(No symbol) [0x00007FF78A869FB3]
	(No symbol) [0x00007FF78A86B331]
	GetHandleVerifier [0x00007FF78AD5A73D+3414941]
	GetHandleVerifier [0x00007FF78AD6E64A+3496618]
	GetHandleVerifier [0x00007FF78AD6413D+3454365]
	GetHandleVerifier [0x00007FF78AAE848B+850155]
	(No symbol) [0x00007FF78A9937FF]
	(No symbol) [0x00007FF78A98F0C4]
	(No symbol) [0x00007FF78A98F25D]
	(No symbol) [0x00007FF78A97E079]
	BaseThreadInitThunk [0x00007FFB18D8259D+29]
	RtlUserThreadStart [0x00007FFB19A2AF38+40]
</msg>
<msg time="2025-01-26T12:13:30.894827" level="FAIL">NoSuchWindowException: Message: no such window: target window already closed
from unknown error: web view not found
  (Session info: chrome=132.0.6834.84)
Stacktrace:
	GetHandleVerifier [0x00007FF78AA1FBE5+28741]
	(No symbol) [0x00007FF78A987890]
	(No symbol) [0x00007FF78A824FDA]
	(No symbol) [0x00007FF78A7FED45]
	(No symbol) [0x00007FF78A8A6EC7]
	(No symbol) [0x00007FF78A8BF982]
	(No symbol) [0x00007FF78A89FCB3]
	(No symbol) [0x00007FF78A869FB3]
	(No symbol) [0x00007FF78A86B331]
	GetHandleVerifier [0x00007FF78AD5A73D+3414941]
	GetHandleVerifier [0x00007FF78AD6E64A+3496618]
	GetHandleVerifier [0x00007FF78AD6413D+3454365]
	GetHandleVerifier [0x00007FF78AAE848B+850155]
	(No symbol) [0x00007FF78A9937FF]
	(No symbol) [0x00007FF78A98F0C4]
	(No symbol) [0x00007FF78A98F25D]
	(No symbol) [0x00007FF78A97E079]
	BaseThreadInitThunk [0x00007FFB18D8259D+29]
	RtlUserThreadStart [0x00007FFB19A2AF38+40]
</msg>
<arg>${DESTINATION_FIELD}</arg>
<arg>timeout=10</arg>
<doc>Waits until the element ``locator`` is enabled.</doc>
<status status="FAIL" start="2025-01-26T12:13:30.890810" elapsed="0.005797">NoSuchWindowException: Message: no such window: target window already closed
from unknown error: web view not found
  (Session info: chrome=132.0.6834.84)
Stacktrace:
	GetHandleVerifier [0x00007FF78AA1FBE5+28741]
	(No symbol) [0x00007FF78A987890]
	(No symbol) [0x00007FF78A824FDA]
	(No symbol) [0x00007FF78A7FED45]
	(No symbol) [0x00007FF78A8A6EC7]
	(No symbol) [0x00007FF78A8BF982]
	(No symbol) [0x00007FF78A89FCB3]
	(No symbol) [0x00007FF78A869FB3]
	(No symbol) [0x00007FF78A86B331]
	GetHandleVerifier [0x00007FF78AD5A73D+3414941]
	GetHandleVerifier [0x00007FF78AD6E64A+3496618]
	GetHandleVerifier [0x00007FF78AD6413D+3454365]
	GetHandleVerifier [0x00007FF78AAE848B+850155]
	(No symbol) [0x00007FF78A9937FF]
	(No symbol) [0x00007FF78A98F0C4]
	(No symbol) [0x00007FF78A98F25D]
	(No symbol) [0x00007FF78A97E079]
	BaseThreadInitThunk [0x00007FFB18D8259D+29]
	RtlUserThreadStart [0x00007FFB19A2AF38+40]
</status>
</kw>
<kw name="Get Element Attribute" owner="SeleniumLibrary">
<var>${dest_placeholder_text}</var>
<arg>${DESTINATION_FIELD}</arg>
<arg>placeholder</arg>
<doc>Returns the value of ``attribute`` from the element ``locator``.</doc>
<status status="NOT RUN" start="2025-01-26T12:13:30.896830" elapsed="0.000027"/>
</kw>
<kw name="Should Be Equal As Strings" owner="BuiltIn">
<arg>${DESTINATION_PLACEHOLDER_TEXT}</arg>
<arg>${dest_placeholder_text}</arg>
<doc>Fails if objects are unequal after converting them to strings.</doc>
<status status="NOT RUN" start="2025-01-26T12:13:30.896945" elapsed="0.000018"/>
</kw>
<kw name="Click Element" owner="SeleniumLibrary">
<arg>${DESTINATION_FIELD}</arg>
<doc>Click the element identified by ``locator``.</doc>
<status status="NOT RUN" start="2025-01-26T12:13:30.897042" elapsed="0.000017"/>
</kw>
<kw name="Sleep" owner="BuiltIn">
<arg>2s</arg>
<doc>Pauses the test executed for the given time.</doc>
<status status="NOT RUN" start="2025-01-26T12:13:30.897125" elapsed="0.000015"/>
</kw>
<status status="FAIL" start="2025-01-26T12:13:30.890570" elapsed="0.006665">NoSuchWindowException: Message: no such window: target window already closed
from unknown error: web view not found
  (Session info: chrome=132.0.6834.84)
Stacktrace:
	GetHandleVerifier [0x00007FF78AA1FBE5+28741]
	(No symbol) [0x00007FF78A987890]
	(No symbol) [0x00007FF78A824FDA]
	(No symbol) [0x00007FF78A7FED45]
	(No symbol) [0x00007FF78A8A6EC7]
	(No symbol) [0x00007FF78A8BF982]
	(No symbol) [0x00007FF78A89FCB3]
	(No symbol) [0x00007FF78A869FB3]
	(No symbol) [0x00007FF78A86B331]
	GetHandleVerifier [0x00007FF78AD5A73D+3414941]
	GetHandleVerifier [0x00007FF78AD6E64A+3496618]
	GetHandleVerifier [0x00007FF78AD6413D+3454365]
	GetHandleVerifier [0x00007FF78AAE848B+850155]
	(No symbol) [0x00007FF78A9937FF]
	(No symbol) [0x00007FF78A98F0C4]
	(No symbol) [0x00007FF78A98F25D]
	(No symbol) [0x00007FF78A97E079]
	BaseThreadInitThunk [0x00007FFB18D8259D+29]
	RtlUserThreadStart [0x00007FFB19A2AF38+40]
</status>
</kw>
<kw name="When I select a random destination from the list" owner="stays.steps">
<status status="NOT RUN" start="2025-01-26T12:13:30.897738" elapsed="0.000043"/>
</kw>
<kw name="Then The destination will be assigned to the destination field" owner="stays.steps">
<status status="NOT RUN" start="2025-01-26T12:13:30.898058" elapsed="0.000026"/>
</kw>
<kw name="Run Keyword If Test Failed" owner="BuiltIn" type="TEARDOWN">
<kw name="Capture Page Screenshot" owner="SeleniumLibrary">
<msg time="2025-01-26T12:13:30.900796" level="WARN">Keyword 'Capture Page Screenshot' could not be run on failure: Message: no such window: target window already closed
from unknown error: web view not found
  (Session info: chrome=132.0.6834.84)
Stacktrace:
	GetHandleVerifier [0x00007FF78AA1FBE5+28741]
	(No symbol) [0x00007FF78A987890]
	(No symbol) [0x00007FF78A824FDA]
	(No symbol) [0x00007FF78A7FED45]
	(No symbol) [0x00007FF78A8A6EC7]
	(No symbol) [0x00007FF78A8BF982]
	(No symbol) [0x00007FF78A89FCB3]
	(No symbol) [0x00007FF78A869FB3]
	(No symbol) [0x00007FF78A86B331]
	GetHandleVerifier [0x00007FF78AD5A73D+3414941]
	GetHandleVerifier [0x00007FF78AD6E64A+3496618]
	GetHandleVerifier [0x00007FF78AD6413D+3454365]
	GetHandleVerifier [0x00007FF78AAE848B+850155]
	(No symbol) [0x00007FF78A9937FF]
	(No symbol) [0x00007FF78A98F0C4]
	(No symbol) [0x00007FF78A98F25D]
	(No symbol) [0x00007FF78A97E079]
	BaseThreadInitThunk [0x00007FFB18D8259D+29]
	RtlUserThreadStart [0x00007FFB19A2AF38+40]
</msg>
<msg time="2025-01-26T12:13:30.902850" level="FAIL">NoSuchWindowException: Message: no such window: target window already closed
from unknown error: web view not found
  (Session info: chrome=132.0.6834.84)
Stacktrace:
	GetHandleVerifier [0x00007FF78AA1FBE5+28741]
	(No symbol) [0x00007FF78A987890]
	(No symbol) [0x00007FF78A824FDA]
	(No symbol) [0x00007FF78A7FED45]
	(No symbol) [0x00007FF78A8A6EC7]
	(No symbol) [0x00007FF78A8BF982]
	(No symbol) [0x00007FF78A89FCB3]
	(No symbol) [0x00007FF78A869FB3]
	(No symbol) [0x00007FF78A86B331]
	GetHandleVerifier [0x00007FF78AD5A73D+3414941]
	GetHandleVerifier [0x00007FF78AD6E64A+3496618]
	GetHandleVerifier [0x00007FF78AD6413D+3454365]
	GetHandleVerifier [0x00007FF78AAE848B+850155]
	(No symbol) [0x00007FF78A9937FF]
	(No symbol) [0x00007FF78A98F0C4]
	(No symbol) [0x00007FF78A98F25D]
	(No symbol) [0x00007FF78A97E079]
	BaseThreadInitThunk [0x00007FFB18D8259D+29]
	RtlUserThreadStart [0x00007FFB19A2AF38+40]
</msg>
<doc>Takes a screenshot of the current page and embeds it into a log file.</doc>
<status status="FAIL" start="2025-01-26T12:13:30.898504" elapsed="0.006428">NoSuchWindowException: Message: no such window: target window already closed
from unknown error: web view not found
  (Session info: chrome=132.0.6834.84)
Stacktrace:
	GetHandleVerifier [0x00007FF78AA1FBE5+28741]
	(No symbol) [0x00007FF78A987890]
	(No symbol) [0x00007FF78A824FDA]
	(No symbol) [0x00007FF78A7FED45]
	(No symbol) [0x00007FF78A8A6EC7]
	(No symbol) [0x00007FF78A8BF982]
	(No symbol) [0x00007FF78A89FCB3]
	(No symbol) [0x00007FF78A869FB3]
	(No symbol) [0x00007FF78A86B331]
	GetHandleVerifier [0x00007FF78AD5A73D+3414941]
	GetHandleVerifier [0x00007FF78AD6E64A+3496618]
	GetHandleVerifier [0x00007FF78AD6413D+3454365]
	GetHandleVerifier [0x00007FF78AAE848B+850155]
	(No symbol) [0x00007FF78A9937FF]
	(No symbol) [0x00007FF78A98F0C4]
	(No symbol) [0x00007FF78A98F25D]
	(No symbol) [0x00007FF78A97E079]
	BaseThreadInitThunk [0x00007FFB18D8259D+29]
	RtlUserThreadStart [0x00007FFB19A2AF38+40]
</status>
</kw>
<arg>Capture Page Screenshot</arg>
<doc>Runs the given keyword with the given arguments, if the test failed.</doc>
<status status="FAIL" start="2025-01-26T12:13:30.898362" elapsed="0.006827">NoSuchWindowException: Message: no such window: target window already closed
from unknown error: web view not found
  (Session info: chrome=132.0.6834.84)
Stacktrace:
	GetHandleVerifier [0x00007FF78AA1FBE5+28741]
	(No symbol) [0x00007FF78A987890]
	(No symbol) [0x00007FF78A824FDA]
	(No symbol) [0x00007FF78A7FED45]
	(No symbol) [0x00007FF78A8A6EC7]
	(No symbol) [0x00007FF78A8BF982]
	(No symbol) [0x00007FF78A89FCB3]
	(No symbol) [0x00007FF78A869FB3]
	(No symbol) [0x00007FF78A86B331]
	GetHandleVerifier [0x00007FF78AD5A73D+3414941]
	GetHandleVerifier [0x00007FF78AD6E64A+3496618]
	GetHandleVerifier [0x00007FF78AD6413D+3454365]
	GetHandleVerifier [0x00007FF78AAE848B+850155]
	(No symbol) [0x00007FF78A9937FF]
	(No symbol) [0x00007FF78A98F0C4]
	(No symbol) [0x00007FF78A98F25D]
	(No symbol) [0x00007FF78A97E079]
	BaseThreadInitThunk [0x00007FFB18D8259D+29]
	RtlUserThreadStart [0x00007FFB19A2AF38+40]
</status>
</kw>
<doc>Select a destination randomly from the item proposed in the list
Ensure that the new destination is assigned to the destination field</doc>
<tag>Medium</tag>
<tag>UC-STAYS</tag>
<status status="FAIL" start="2025-01-26T12:13:30.889953" elapsed="0.015506">NoSuchWindowException: Message: no such window: target window already closed
from unknown error: web view not found
  (Session info: chrome=132.0.6834.84)
Stacktrace:
	GetHandleVerifier [0x00007FF78AA1FBE5+28741]
	(No symbol) [0x00007FF78A987890]
	(No symbol) [0x00007FF78A824FDA]
	(No symbol) [0x00007FF78A7FED45]
	(No symbol) [0x00007FF78A8A6EC7]
	(No symbol) [0x00007FF78A8BF982]
	(No symbol) [0x00007FF78A89FCB3]
	(No symbol) [0x00007FF78A869FB3]
	(No symbol) [0x00007FF78A86B331]
	GetHandleVerifier [0x00007FF78AD5A73D+3414941]
	GetHandleVerifier [0x00007FF78AD6E64A+3496618]
	GetHandleVerifier [0x00007FF78AD6413D+3454365]
	GetHandleVerifier [0x00007FF78AAE848B+850155]
	(No symbol) [0x00007FF78A9937FF]
	(No symbol) [0x00007FF78A98F0C4]
	(No symbol) [0x00007FF78A98F25D]
	(No symbol) [0x00007FF78A97E079]
	BaseThreadInitThunk [0x00007FFB18D8259D+29]
	RtlUserThreadStart [0x00007FFB19A2AF38+40]


Also teardown failed:
NoSuchWindowException: Message: no such window: target window already closed
from unknown error: web view not found
  (Session info: chrome=132.0.6834.84)
Stacktrace:
	GetHandleVerifier [0x00007FF78AA1FBE5+28741]
	(No symbol) [0x00007FF78A987890]
	(No symbol) [0x00007FF78A824FDA]
	(No symbol) [0x00007FF78A7FED45]
	(No symbol) [0x00007FF78A8A6EC7]
	(No symbol) [0x00007FF78A8BF982]
	(No symbol) [0x00007FF78A89FCB3]
	(No symbol) [0x00007FF78A869FB3]
	(No symbol) [0x00007FF78A86B331]
	GetHandleVerifier [0x00007FF78AD5A73D+3414941]
	GetHandleVerifier [0x00007FF78AD6E64A+3496618]
	GetHandleVerifier [0x00007FF78AD6413D+3454365]
	GetHandleVerifier [0x00007FF78AAE848B+850155]
	(No symbol) [0x00007FF78A9937FF]
	(No symbol) [0x00007FF78A98F0C4]
	(No symbol) [0x00007FF78A98F25D]
	(No symbol) [0x00007FF78A97E079]
	BaseThreadInitThunk [0x00007FFB18D8259D+29]
	RtlUserThreadStart [0x00007FFB19A2AF38+40]
</status>
</test>
<test id="s1-t4" name="Scenario: Clear the destination input field" line="34">
<kw name="When I click on clear destination button" owner="stays.steps">
<kw name="Wait Until Element Is Visible" owner="SeleniumLibrary">
<msg time="2025-01-26T12:13:30.912383" level="WARN">Keyword 'Capture Page Screenshot' could not be run on failure: Message: no such window: target window already closed
from unknown error: web view not found
  (Session info: chrome=132.0.6834.84)
Stacktrace:
	GetHandleVerifier [0x00007FF78AA1FBE5+28741]
	(No symbol) [0x00007FF78A987890]
	(No symbol) [0x00007FF78A824FDA]
	(No symbol) [0x00007FF78A7FED45]
	(No symbol) [0x00007FF78A8A6EC7]
	(No symbol) [0x00007FF78A8BF982]
	(No symbol) [0x00007FF78A89FCB3]
	(No symbol) [0x00007FF78A869FB3]
	(No symbol) [0x00007FF78A86B331]
	GetHandleVerifier [0x00007FF78AD5A73D+3414941]
	GetHandleVerifier [0x00007FF78AD6E64A+3496618]
	GetHandleVerifier [0x00007FF78AD6413D+3454365]
	GetHandleVerifier [0x00007FF78AAE848B+850155]
	(No symbol) [0x00007FF78A9937FF]
	(No symbol) [0x00007FF78A98F0C4]
	(No symbol) [0x00007FF78A98F25D]
	(No symbol) [0x00007FF78A97E079]
	BaseThreadInitThunk [0x00007FFB18D8259D+29]
	RtlUserThreadStart [0x00007FFB19A2AF38+40]
</msg>
<msg time="2025-01-26T12:13:30.914155" level="FAIL">NoSuchWindowException: Message: no such window: target window already closed
from unknown error: web view not found
  (Session info: chrome=132.0.6834.84)
Stacktrace:
	GetHandleVerifier [0x00007FF78AA1FBE5+28741]
	(No symbol) [0x00007FF78A987890]
	(No symbol) [0x00007FF78A824FDA]
	(No symbol) [0x00007FF78A7FED45]
	(No symbol) [0x00007FF78A8A6EC7]
	(No symbol) [0x00007FF78A8BF982]
	(No symbol) [0x00007FF78A89FCB3]
	(No symbol) [0x00007FF78A869FB3]
	(No symbol) [0x00007FF78A86B331]
	GetHandleVerifier [0x00007FF78AD5A73D+3414941]
	GetHandleVerifier [0x00007FF78AD6E64A+3496618]
	GetHandleVerifier [0x00007FF78AD6413D+3454365]
	GetHandleVerifier [0x00007FF78AAE848B+850155]
	(No symbol) [0x00007FF78A9937FF]
	(No symbol) [0x00007FF78A98F0C4]
	(No symbol) [0x00007FF78A98F25D]
	(No symbol) [0x00007FF78A97E079]
	BaseThreadInitThunk [0x00007FFB18D8259D+29]
	RtlUserThreadStart [0x00007FFB19A2AF38+40]
</msg>
<arg>${CLEAR_BTN}</arg>
<arg>5s</arg>
<doc>Waits until the element ``locator`` is visible.</doc>
<status status="FAIL" start="2025-01-26T12:13:30.910146" elapsed="0.005596">NoSuchWindowException: Message: no such window: target window already closed
from unknown error: web view not found
  (Session info: chrome=132.0.6834.84)
Stacktrace:
	GetHandleVerifier [0x00007FF78AA1FBE5+28741]
	(No symbol) [0x00007FF78A987890]
	(No symbol) [0x00007FF78A824FDA]
	(No symbol) [0x00007FF78A7FED45]
	(No symbol) [0x00007FF78A8A6EC7]
	(No symbol) [0x00007FF78A8BF982]
	(No symbol) [0x00007FF78A89FCB3]
	(No symbol) [0x00007FF78A869FB3]
	(No symbol) [0x00007FF78A86B331]
	GetHandleVerifier [0x00007FF78AD5A73D+3414941]
	GetHandleVerifier [0x00007FF78AD6E64A+3496618]
	GetHandleVerifier [0x00007FF78AD6413D+3454365]
	GetHandleVerifier [0x00007FF78AAE848B+850155]
	(No symbol) [0x00007FF78A9937FF]
	(No symbol) [0x00007FF78A98F0C4]
	(No symbol) [0x00007FF78A98F25D]
	(No symbol) [0x00007FF78A97E079]
	BaseThreadInitThunk [0x00007FFB18D8259D+29]
	RtlUserThreadStart [0x00007FFB19A2AF38+40]
</status>
</kw>
<kw name="Click Element" owner="SeleniumLibrary">
<arg>${CLEAR_BTN}</arg>
<doc>Click the element identified by ``locator``.</doc>
<status status="NOT RUN" start="2025-01-26T12:13:30.915935" elapsed="0.000023"/>
</kw>
<status status="FAIL" start="2025-01-26T12:13:30.909887" elapsed="0.006168">NoSuchWindowException: Message: no such window: target window already closed
from unknown error: web view not found
  (Session info: chrome=132.0.6834.84)
Stacktrace:
	GetHandleVerifier [0x00007FF78AA1FBE5+28741]
	(No symbol) [0x00007FF78A987890]
	(No symbol) [0x00007FF78A824FDA]
	(No symbol) [0x00007FF78A7FED45]
	(No symbol) [0x00007FF78A8A6EC7]
	(No symbol) [0x00007FF78A8BF982]
	(No symbol) [0x00007FF78A89FCB3]
	(No symbol) [0x00007FF78A869FB3]
	(No symbol) [0x00007FF78A86B331]
	GetHandleVerifier [0x00007FF78AD5A73D+3414941]
	GetHandleVerifier [0x00007FF78AD6E64A+3496618]
	GetHandleVerifier [0x00007FF78AD6413D+3454365]
	GetHandleVerifier [0x00007FF78AAE848B+850155]
	(No symbol) [0x00007FF78A9937FF]
	(No symbol) [0x00007FF78A98F0C4]
	(No symbol) [0x00007FF78A98F25D]
	(No symbol) [0x00007FF78A97E079]
	BaseThreadInitThunk [0x00007FFB18D8259D+29]
	RtlUserThreadStart [0x00007FFB19A2AF38+40]
</status>
</kw>
<kw name="Then The destination input is cleared" owner="stays.steps">
<status status="NOT RUN" start="2025-01-26T12:13:30.916409" elapsed="0.000027"/>
</kw>
<kw name="Run Keyword If Test Failed" owner="BuiltIn" type="TEARDOWN">
<kw name="Capture Page Screenshot" owner="SeleniumLibrary">
<msg time="2025-01-26T12:13:30.919168" level="WARN">Keyword 'Capture Page Screenshot' could not be run on failure: Message: no such window: target window already closed
from unknown error: web view not found
  (Session info: chrome=132.0.6834.84)
Stacktrace:
	GetHandleVerifier [0x00007FF78AA1FBE5+28741]
	(No symbol) [0x00007FF78A987890]
	(No symbol) [0x00007FF78A824FDA]
	(No symbol) [0x00007FF78A7FED45]
	(No symbol) [0x00007FF78A8A6EC7]
	(No symbol) [0x00007FF78A8BF982]
	(No symbol) [0x00007FF78A89FCB3]
	(No symbol) [0x00007FF78A869FB3]
	(No symbol) [0x00007FF78A86B331]
	GetHandleVerifier [0x00007FF78AD5A73D+3414941]
	GetHandleVerifier [0x00007FF78AD6E64A+3496618]
	GetHandleVerifier [0x00007FF78AD6413D+3454365]
	GetHandleVerifier [0x00007FF78AAE848B+850155]
	(No symbol) [0x00007FF78A9937FF]
	(No symbol) [0x00007FF78A98F0C4]
	(No symbol) [0x00007FF78A98F25D]
	(No symbol) [0x00007FF78A97E079]
	BaseThreadInitThunk [0x00007FFB18D8259D+29]
	RtlUserThreadStart [0x00007FFB19A2AF38+40]
</msg>
<msg time="2025-01-26T12:13:30.922294" level="FAIL">NoSuchWindowException: Message: no such window: target window already closed
from unknown error: web view not found
  (Session info: chrome=132.0.6834.84)
Stacktrace:
	GetHandleVerifier [0x00007FF78AA1FBE5+28741]
	(No symbol) [0x00007FF78A987890]
	(No symbol) [0x00007FF78A824FDA]
	(No symbol) [0x00007FF78A7FED45]
	(No symbol) [0x00007FF78A8A6EC7]
	(No symbol) [0x00007FF78A8BF982]
	(No symbol) [0x00007FF78A89FCB3]
	(No symbol) [0x00007FF78A869FB3]
	(No symbol) [0x00007FF78A86B331]
	GetHandleVerifier [0x00007FF78AD5A73D+3414941]
	GetHandleVerifier [0x00007FF78AD6E64A+3496618]
	GetHandleVerifier [0x00007FF78AD6413D+3454365]
	GetHandleVerifier [0x00007FF78AAE848B+850155]
	(No symbol) [0x00007FF78A9937FF]
	(No symbol) [0x00007FF78A98F0C4]
	(No symbol) [0x00007FF78A98F25D]
	(No symbol) [0x00007FF78A97E079]
	BaseThreadInitThunk [0x00007FFB18D8259D+29]
	RtlUserThreadStart [0x00007FFB19A2AF38+40]
</msg>
<doc>Takes a screenshot of the current page and embeds it into a log file.</doc>
<status status="FAIL" start="2025-01-26T12:13:30.916949" elapsed="0.006640">NoSuchWindowException: Message: no such window: target window already closed
from unknown error: web view not found
  (Session info: chrome=132.0.6834.84)
Stacktrace:
	GetHandleVerifier [0x00007FF78AA1FBE5+28741]
	(No symbol) [0x00007FF78A987890]
	(No symbol) [0x00007FF78A824FDA]
	(No symbol) [0x00007FF78A7FED45]
	(No symbol) [0x00007FF78A8A6EC7]
	(No symbol) [0x00007FF78A8BF982]
	(No symbol) [0x00007FF78A89FCB3]
	(No symbol) [0x00007FF78A869FB3]
	(No symbol) [0x00007FF78A86B331]
	GetHandleVerifier [0x00007FF78AD5A73D+3414941]
	GetHandleVerifier [0x00007FF78AD6E64A+3496618]
	GetHandleVerifier [0x00007FF78AD6413D+3454365]
	GetHandleVerifier [0x00007FF78AAE848B+850155]
	(No symbol) [0x00007FF78A9937FF]
	(No symbol) [0x00007FF78A98F0C4]
	(No symbol) [0x00007FF78A98F25D]
	(No symbol) [0x00007FF78A97E079]
	BaseThreadInitThunk [0x00007FFB18D8259D+29]
	RtlUserThreadStart [0x00007FFB19A2AF38+40]
</status>
</kw>
<arg>Capture Page Screenshot</arg>
<doc>Runs the given keyword with the given arguments, if the test failed.</doc>
<status status="FAIL" start="2025-01-26T12:13:30.916813" elapsed="0.006902">NoSuchWindowException: Message: no such window: target window already closed
from unknown error: web view not found
  (Session info: chrome=132.0.6834.84)
Stacktrace:
	GetHandleVerifier [0x00007FF78AA1FBE5+28741]
	(No symbol) [0x00007FF78A987890]
	(No symbol) [0x00007FF78A824FDA]
	(No symbol) [0x00007FF78A7FED45]
	(No symbol) [0x00007FF78A8A6EC7]
	(No symbol) [0x00007FF78A8BF982]
	(No symbol) [0x00007FF78A89FCB3]
	(No symbol) [0x00007FF78A869FB3]
	(No symbol) [0x00007FF78A86B331]
	GetHandleVerifier [0x00007FF78AD5A73D+3414941]
	GetHandleVerifier [0x00007FF78AD6E64A+3496618]
	GetHandleVerifier [0x00007FF78AD6413D+3454365]
	GetHandleVerifier [0x00007FF78AAE848B+850155]
	(No symbol) [0x00007FF78A9937FF]
	(No symbol) [0x00007FF78A98F0C4]
	(No symbol) [0x00007FF78A98F25D]
	(No symbol) [0x00007FF78A97E079]
	BaseThreadInitThunk [0x00007FFB18D8259D+29]
	RtlUserThreadStart [0x00007FFB19A2AF38+40]
</status>
</kw>
<doc>Clear the input via Cross button</doc>
<tag>Medium</tag>
<tag>UC-STAYS</tag>
<status status="FAIL" start="2025-01-26T12:13:30.909288" elapsed="0.014722">NoSuchWindowException: Message: no such window: target window already closed
from unknown error: web view not found
  (Session info: chrome=132.0.6834.84)
Stacktrace:
	GetHandleVerifier [0x00007FF78AA1FBE5+28741]
	(No symbol) [0x00007FF78A987890]
	(No symbol) [0x00007FF78A824FDA]
	(No symbol) [0x00007FF78A7FED45]
	(No symbol) [0x00007FF78A8A6EC7]
	(No symbol) [0x00007FF78A8BF982]
	(No symbol) [0x00007FF78A89FCB3]
	(No symbol) [0x00007FF78A869FB3]
	(No symbol) [0x00007FF78A86B331]
	GetHandleVerifier [0x00007FF78AD5A73D+3414941]
	GetHandleVerifier [0x00007FF78AD6E64A+3496618]
	GetHandleVerifier [0x00007FF78AD6413D+3454365]
	GetHandleVerifier [0x00007FF78AAE848B+850155]
	(No symbol) [0x00007FF78A9937FF]
	(No symbol) [0x00007FF78A98F0C4]
	(No symbol) [0x00007FF78A98F25D]
	(No symbol) [0x00007FF78A97E079]
	BaseThreadInitThunk [0x00007FFB18D8259D+29]
	RtlUserThreadStart [0x00007FFB19A2AF38+40]


Also teardown failed:
NoSuchWindowException: Message: no such window: target window already closed
from unknown error: web view not found
  (Session info: chrome=132.0.6834.84)
Stacktrace:
	GetHandleVerifier [0x00007FF78AA1FBE5+28741]
	(No symbol) [0x00007FF78A987890]
	(No symbol) [0x00007FF78A824FDA]
	(No symbol) [0x00007FF78A7FED45]
	(No symbol) [0x00007FF78A8A6EC7]
	(No symbol) [0x00007FF78A8BF982]
	(No symbol) [0x00007FF78A89FCB3]
	(No symbol) [0x00007FF78A869FB3]
	(No symbol) [0x00007FF78A86B331]
	GetHandleVerifier [0x00007FF78AD5A73D+3414941]
	GetHandleVerifier [0x00007FF78AD6E64A+3496618]
	GetHandleVerifier [0x00007FF78AD6413D+3454365]
	GetHandleVerifier [0x00007FF78AAE848B+850155]
	(No symbol) [0x00007FF78A9937FF]
	(No symbol) [0x00007FF78A98F0C4]
	(No symbol) [0x00007FF78A98F25D]
	(No symbol) [0x00007FF78A97E079]
	BaseThreadInitThunk [0x00007FFB18D8259D+29]
	RtlUserThreadStart [0x00007FFB19A2AF38+40]
</status>
</test>
<test id="s1-t5" name="Scenario: Verify Default Check-in and out Date in the Date picker for Review step" line="41">
<kw name="Given I access to the check-in and check-out dates" owner="stays.steps">
<kw name="Wait Until Element Is Visible" owner="SeleniumLibrary">
<msg time="2025-01-26T12:13:30.931246" level="WARN">Keyword 'Capture Page Screenshot' could not be run on failure: Message: no such window: target window already closed
from unknown error: web view not found
  (Session info: chrome=132.0.6834.84)
Stacktrace:
	GetHandleVerifier [0x00007FF78AA1FBE5+28741]
	(No symbol) [0x00007FF78A987890]
	(No symbol) [0x00007FF78A824FDA]
	(No symbol) [0x00007FF78A7FED45]
	(No symbol) [0x00007FF78A8A6EC7]
	(No symbol) [0x00007FF78A8BF982]
	(No symbol) [0x00007FF78A89FCB3]
	(No symbol) [0x00007FF78A869FB3]
	(No symbol) [0x00007FF78A86B331]
	GetHandleVerifier [0x00007FF78AD5A73D+3414941]
	GetHandleVerifier [0x00007FF78AD6E64A+3496618]
	GetHandleVerifier [0x00007FF78AD6413D+3454365]
	GetHandleVerifier [0x00007FF78AAE848B+850155]
	(No symbol) [0x00007FF78A9937FF]
	(No symbol) [0x00007FF78A98F0C4]
	(No symbol) [0x00007FF78A98F25D]
	(No symbol) [0x00007FF78A97E079]
	BaseThreadInitThunk [0x00007FFB18D8259D+29]
	RtlUserThreadStart [0x00007FFB19A2AF38+40]
</msg>
<msg time="2025-01-26T12:13:30.933299" level="FAIL">NoSuchWindowException: Message: no such window: target window already closed
from unknown error: web view not found
  (Session info: chrome=132.0.6834.84)
Stacktrace:
	GetHandleVerifier [0x00007FF78AA1FBE5+28741]
	(No symbol) [0x00007FF78A987890]
	(No symbol) [0x00007FF78A824FDA]
	(No symbol) [0x00007FF78A7FED45]
	(No symbol) [0x00007FF78A8A6EC7]
	(No symbol) [0x00007FF78A8BF982]
	(No symbol) [0x00007FF78A89FCB3]
	(No symbol) [0x00007FF78A869FB3]
	(No symbol) [0x00007FF78A86B331]
	GetHandleVerifier [0x00007FF78AD5A73D+3414941]
	GetHandleVerifier [0x00007FF78AD6E64A+3496618]
	GetHandleVerifier [0x00007FF78AD6413D+3454365]
	GetHandleVerifier [0x00007FF78AAE848B+850155]
	(No symbol) [0x00007FF78A9937FF]
	(No symbol) [0x00007FF78A98F0C4]
	(No symbol) [0x00007FF78A98F25D]
	(No symbol) [0x00007FF78A97E079]
	BaseThreadInitThunk [0x00007FFB18D8259D+29]
	RtlUserThreadStart [0x00007FFB19A2AF38+40]
</msg>
<arg>${DATE_PICKER}</arg>
<doc>Waits until the element ``locator`` is visible.</doc>
<status status="FAIL" start="2025-01-26T12:13:30.929023" elapsed="0.006016">NoSuchWindowException: Message: no such window: target window already closed
from unknown error: web view not found
  (Session info: chrome=132.0.6834.84)
Stacktrace:
	GetHandleVerifier [0x00007FF78AA1FBE5+28741]
	(No symbol) [0x00007FF78A987890]
	(No symbol) [0x00007FF78A824FDA]
	(No symbol) [0x00007FF78A7FED45]
	(No symbol) [0x00007FF78A8A6EC7]
	(No symbol) [0x00007FF78A8BF982]
	(No symbol) [0x00007FF78A89FCB3]
	(No symbol) [0x00007FF78A869FB3]
	(No symbol) [0x00007FF78A86B331]
	GetHandleVerifier [0x00007FF78AD5A73D+3414941]
	GetHandleVerifier [0x00007FF78AD6E64A+3496618]
	GetHandleVerifier [0x00007FF78AD6413D+3454365]
	GetHandleVerifier [0x00007FF78AAE848B+850155]
	(No symbol) [0x00007FF78A9937FF]
	(No symbol) [0x00007FF78A98F0C4]
	(No symbol) [0x00007FF78A98F25D]
	(No symbol) [0x00007FF78A97E079]
	BaseThreadInitThunk [0x00007FFB18D8259D+29]
	RtlUserThreadStart [0x00007FFB19A2AF38+40]
</status>
</kw>
<kw name="Click Element" owner="SeleniumLibrary">
<arg>${DATE_PICKER}</arg>
<doc>Click the element identified by ``locator``.</doc>
<status status="NOT RUN" start="2025-01-26T12:13:30.935242" elapsed="0.000025"/>
</kw>
<kw name="Get Element Attribute" owner="SeleniumLibrary">
<var>${SELECTED_DATE}</var>
<arg>${SELECTED_DATE}</arg>
<arg>data-date</arg>
<doc>Returns the value of ``attribute`` from the element ``locator``.</doc>
<status status="NOT RUN" start="2025-01-26T12:13:30.935366" elapsed="0.000016"/>
</kw>
<kw name="Set Global Variable" owner="BuiltIn">
<arg>${SELECTED_DATE}</arg>
<doc>Makes a variable available globally in all tests and suites.</doc>
<status status="NOT RUN" start="2025-01-26T12:13:30.935466" elapsed="0.000017"/>
</kw>
<status status="FAIL" start="2025-01-26T12:13:30.928794" elapsed="0.006798">NoSuchWindowException: Message: no such window: target window already closed
from unknown error: web view not found
  (Session info: chrome=132.0.6834.84)
Stacktrace:
	GetHandleVerifier [0x00007FF78AA1FBE5+28741]
	(No symbol) [0x00007FF78A987890]
	(No symbol) [0x00007FF78A824FDA]
	(No symbol) [0x00007FF78A7FED45]
	(No symbol) [0x00007FF78A8A6EC7]
	(No symbol) [0x00007FF78A8BF982]
	(No symbol) [0x00007FF78A89FCB3]
	(No symbol) [0x00007FF78A869FB3]
	(No symbol) [0x00007FF78A86B331]
	GetHandleVerifier [0x00007FF78AD5A73D+3414941]
	GetHandleVerifier [0x00007FF78AD6E64A+3496618]
	GetHandleVerifier [0x00007FF78AD6413D+3454365]
	GetHandleVerifier [0x00007FF78AAE848B+850155]
	(No symbol) [0x00007FF78A9937FF]
	(No symbol) [0x00007FF78A98F0C4]
	(No symbol) [0x00007FF78A98F25D]
	(No symbol) [0x00007FF78A97E079]
	BaseThreadInitThunk [0x00007FFB18D8259D+29]
	RtlUserThreadStart [0x00007FFB19A2AF38+40]
</status>
</kw>
<kw name="Then The date is displayed with current date" owner="stays.steps">
<status status="NOT RUN" start="2025-01-26T12:13:30.935981" elapsed="0.000027"/>
</kw>
<kw name="Run Keyword If Test Failed" owner="BuiltIn" type="TEARDOWN">
<kw name="Capture Page Screenshot" owner="SeleniumLibrary">
<msg time="2025-01-26T12:13:30.943908" level="WARN">Keyword 'Capture Page Screenshot' could not be run on failure: Message: no such window: target window already closed
from unknown error: web view not found
  (Session info: chrome=132.0.6834.84)
Stacktrace:
	GetHandleVerifier [0x00007FF78AA1FBE5+28741]
	(No symbol) [0x00007FF78A987890]
	(No symbol) [0x00007FF78A824FDA]
	(No symbol) [0x00007FF78A7FED45]
	(No symbol) [0x00007FF78A8A6EC7]
	(No symbol) [0x00007FF78A8BF982]
	(No symbol) [0x00007FF78A89FCB3]
	(No symbol) [0x00007FF78A869FB3]
	(No symbol) [0x00007FF78A86B331]
	GetHandleVerifier [0x00007FF78AD5A73D+3414941]
	GetHandleVerifier [0x00007FF78AD6E64A+3496618]
	GetHandleVerifier [0x00007FF78AD6413D+3454365]
	GetHandleVerifier [0x00007FF78AAE848B+850155]
	(No symbol) [0x00007FF78A9937FF]
	(No symbol) [0x00007FF78A98F0C4]
	(No symbol) [0x00007FF78A98F25D]
	(No symbol) [0x00007FF78A97E079]
	BaseThreadInitThunk [0x00007FFB18D8259D+29]
	RtlUserThreadStart [0x00007FFB19A2AF38+40]
</msg>
<msg time="2025-01-26T12:13:30.945641" level="FAIL">NoSuchWindowException: Message: no such window: target window already closed
from unknown error: web view not found
  (Session info: chrome=132.0.6834.84)
Stacktrace:
	GetHandleVerifier [0x00007FF78AA1FBE5+28741]
	(No symbol) [0x00007FF78A987890]
	(No symbol) [0x00007FF78A824FDA]
	(No symbol) [0x00007FF78A7FED45]
	(No symbol) [0x00007FF78A8A6EC7]
	(No symbol) [0x00007FF78A8BF982]
	(No symbol) [0x00007FF78A89FCB3]
	(No symbol) [0x00007FF78A869FB3]
	(No symbol) [0x00007FF78A86B331]
	GetHandleVerifier [0x00007FF78AD5A73D+3414941]
	GetHandleVerifier [0x00007FF78AD6E64A+3496618]
	GetHandleVerifier [0x00007FF78AD6413D+3454365]
	GetHandleVerifier [0x00007FF78AAE848B+850155]
	(No symbol) [0x00007FF78A9937FF]
	(No symbol) [0x00007FF78A98F0C4]
	(No symbol) [0x00007FF78A98F25D]
	(No symbol) [0x00007FF78A97E079]
	BaseThreadInitThunk [0x00007FFB18D8259D+29]
	RtlUserThreadStart [0x00007FFB19A2AF38+40]
</msg>
<doc>Takes a screenshot of the current page and embeds it into a log file.</doc>
<status status="FAIL" start="2025-01-26T12:13:30.936829" elapsed="0.010113">NoSuchWindowException: Message: no such window: target window already closed
from unknown error: web view not found
  (Session info: chrome=132.0.6834.84)
Stacktrace:
	GetHandleVerifier [0x00007FF78AA1FBE5+28741]
	(No symbol) [0x00007FF78A987890]
	(No symbol) [0x00007FF78A824FDA]
	(No symbol) [0x00007FF78A7FED45]
	(No symbol) [0x00007FF78A8A6EC7]
	(No symbol) [0x00007FF78A8BF982]
	(No symbol) [0x00007FF78A89FCB3]
	(No symbol) [0x00007FF78A869FB3]
	(No symbol) [0x00007FF78A86B331]
	GetHandleVerifier [0x00007FF78AD5A73D+3414941]
	GetHandleVerifier [0x00007FF78AD6E64A+3496618]
	GetHandleVerifier [0x00007FF78AD6413D+3454365]
	GetHandleVerifier [0x00007FF78AAE848B+850155]
	(No symbol) [0x00007FF78A9937FF]
	(No symbol) [0x00007FF78A98F0C4]
	(No symbol) [0x00007FF78A98F25D]
	(No symbol) [0x00007FF78A97E079]
	BaseThreadInitThunk [0x00007FFB18D8259D+29]
	RtlUserThreadStart [0x00007FFB19A2AF38+40]
</status>
</kw>
<arg>Capture Page Screenshot</arg>
<doc>Runs the given keyword with the given arguments, if the test failed.</doc>
<status status="FAIL" start="2025-01-26T12:13:30.936514" elapsed="0.010546">NoSuchWindowException: Message: no such window: target window already closed
from unknown error: web view not found
  (Session info: chrome=132.0.6834.84)
Stacktrace:
	GetHandleVerifier [0x00007FF78AA1FBE5+28741]
	(No symbol) [0x00007FF78A987890]
	(No symbol) [0x00007FF78A824FDA]
	(No symbol) [0x00007FF78A7FED45]
	(No symbol) [0x00007FF78A8A6EC7]
	(No symbol) [0x00007FF78A8BF982]
	(No symbol) [0x00007FF78A89FCB3]
	(No symbol) [0x00007FF78A869FB3]
	(No symbol) [0x00007FF78A86B331]
	GetHandleVerifier [0x00007FF78AD5A73D+3414941]
	GetHandleVerifier [0x00007FF78AD6E64A+3496618]
	GetHandleVerifier [0x00007FF78AD6413D+3454365]
	GetHandleVerifier [0x00007FF78AAE848B+850155]
	(No symbol) [0x00007FF78A9937FF]
	(No symbol) [0x00007FF78A98F0C4]
	(No symbol) [0x00007FF78A98F25D]
	(No symbol) [0x00007FF78A97E079]
	BaseThreadInitThunk [0x00007FFB18D8259D+29]
	RtlUserThreadStart [0x00007FFB19A2AF38+40]
</status>
</kw>
<doc>Verify that the date picker appears when accessing the Due Date field, with the current date selected by Default</doc>
<tag>Medium</tag>
<tag>UC-STAYS</tag>
<status status="FAIL" start="2025-01-26T12:13:30.928144" elapsed="0.019219">NoSuchWindowException: Message: no such window: target window already closed
from unknown error: web view not found
  (Session info: chrome=132.0.6834.84)
Stacktrace:
	GetHandleVerifier [0x00007FF78AA1FBE5+28741]
	(No symbol) [0x00007FF78A987890]
	(No symbol) [0x00007FF78A824FDA]
	(No symbol) [0x00007FF78A7FED45]
	(No symbol) [0x00007FF78A8A6EC7]
	(No symbol) [0x00007FF78A8BF982]
	(No symbol) [0x00007FF78A89FCB3]
	(No symbol) [0x00007FF78A869FB3]
	(No symbol) [0x00007FF78A86B331]
	GetHandleVerifier [0x00007FF78AD5A73D+3414941]
	GetHandleVerifier [0x00007FF78AD6E64A+3496618]
	GetHandleVerifier [0x00007FF78AD6413D+3454365]
	GetHandleVerifier [0x00007FF78AAE848B+850155]
	(No symbol) [0x00007FF78A9937FF]
	(No symbol) [0x00007FF78A98F0C4]
	(No symbol) [0x00007FF78A98F25D]
	(No symbol) [0x00007FF78A97E079]
	BaseThreadInitThunk [0x00007FFB18D8259D+29]
	RtlUserThreadStart [0x00007FFB19A2AF38+40]


Also teardown failed:
NoSuchWindowException: Message: no such window: target window already closed
from unknown error: web view not found
  (Session info: chrome=132.0.6834.84)
Stacktrace:
	GetHandleVerifier [0x00007FF78AA1FBE5+28741]
	(No symbol) [0x00007FF78A987890]
	(No symbol) [0x00007FF78A824FDA]
	(No symbol) [0x00007FF78A7FED45]
	(No symbol) [0x00007FF78A8A6EC7]
	(No symbol) [0x00007FF78A8BF982]
	(No symbol) [0x00007FF78A89FCB3]
	(No symbol) [0x00007FF78A869FB3]
	(No symbol) [0x00007FF78A86B331]
	GetHandleVerifier [0x00007FF78AD5A73D+3414941]
	GetHandleVerifier [0x00007FF78AD6E64A+3496618]
	GetHandleVerifier [0x00007FF78AD6413D+3454365]
	GetHandleVerifier [0x00007FF78AAE848B+850155]
	(No symbol) [0x00007FF78A9937FF]
	(No symbol) [0x00007FF78A98F0C4]
	(No symbol) [0x00007FF78A98F25D]
	(No symbol) [0x00007FF78A97E079]
	BaseThreadInitThunk [0x00007FFB18D8259D+29]
	RtlUserThreadStart [0x00007FFB19A2AF38+40]
</status>
</test>
<test id="s1-t6" name="Scenario: Update Check-in and Check-out Dates" line="47">
<kw name="Given I select a departure and return dates for my trip" owner="stays.steps">
<kw name="Add Time To Date" owner="DateTime">
<msg time="2025-01-26T12:13:30.952099" level="FAIL">Variable '${current_date}' not found.</msg>
<var>${departure_date}</var>
<arg>${current_date}</arg>
<arg>5 days</arg>
<arg>result_format=%#Y-%m-%#d</arg>
<doc>Adds time to date and returns the resulting date.</doc>
<status status="FAIL" start="2025-01-26T12:13:30.951576" elapsed="0.000560">Variable '${current_date}' not found.</status>
</kw>
<kw name="Get Element Attribute" owner="SeleniumLibrary">
<var>${departure_locator}</var>
<arg>xpath=//span[@data-date='${departure_date}']</arg>
<arg>${departure_date}</arg>
<doc>Returns the value of ``attribute`` from the element ``locator``.</doc>
<status status="NOT RUN" start="2025-01-26T12:13:30.952277" elapsed="0.000025"/>
</kw>
<kw name="Click Element" owner="SeleniumLibrary">
<arg>${departure_locator}</arg>
<doc>Click the element identified by ``locator``.</doc>
<status status="NOT RUN" start="2025-01-26T12:13:30.952389" elapsed="0.000016"/>
</kw>
<kw name="Add Time To Date" owner="DateTime">
<var>${return_date}</var>
<arg>${departure_date}</arg>
<arg>10 days</arg>
<arg>result_format=%#Y-%m-%#d</arg>
<doc>Adds time to date and returns the resulting date.</doc>
<status status="NOT RUN" start="2025-01-26T12:13:30.952472" elapsed="0.000015"/>
</kw>
<kw name="Get Element Attribute" owner="SeleniumLibrary">
<var>${return_locator}</var>
<arg>xpath=//span[@data-date='${return_date}']</arg>
<arg>${return_date}</arg>
<doc>Returns the value of ``attribute`` from the element ``locator``.</doc>
<status status="NOT RUN" start="2025-01-26T12:13:30.952569" elapsed="0.000014"/>
</kw>
<kw name="Wait Until Element Is Visible" owner="SeleniumLibrary">
<arg>${return_locator}</arg>
<doc>Waits until the element ``locator`` is visible.</doc>
<status status="NOT RUN" start="2025-01-26T12:13:30.952657" elapsed="0.000015"/>
</kw>
<kw name="Click Element" owner="SeleniumLibrary">
<arg>${return_locator}</arg>
<doc>Click the element identified by ``locator``.</doc>
<status status="NOT RUN" start="2025-01-26T12:13:30.952739" elapsed="0.000014"/>
</kw>
<status status="FAIL" start="2025-01-26T12:13:30.951346" elapsed="0.001480">Variable '${current_date}' not found.</status>
</kw>
<kw name="Then The selected date is displayed in the date field" owner="stays.steps">
<status status="NOT RUN" start="2025-01-26T12:13:30.953300" elapsed="0.000039"/>
</kw>
<kw name="Run Keyword If Test Failed" owner="BuiltIn" type="TEARDOWN">
<kw name="Capture Page Screenshot" owner="SeleniumLibrary">
<msg time="2025-01-26T12:13:30.956833" level="WARN">Keyword 'Capture Page Screenshot' could not be run on failure: Message: no such window: target window already closed
from unknown error: web view not found
  (Session info: chrome=132.0.6834.84)
Stacktrace:
	GetHandleVerifier [0x00007FF78AA1FBE5+28741]
	(No symbol) [0x00007FF78A987890]
	(No symbol) [0x00007FF78A824FDA]
	(No symbol) [0x00007FF78A7FED45]
	(No symbol) [0x00007FF78A8A6EC7]
	(No symbol) [0x00007FF78A8BF982]
	(No symbol) [0x00007FF78A89FCB3]
	(No symbol) [0x00007FF78A869FB3]
	(No symbol) [0x00007FF78A86B331]
	GetHandleVerifier [0x00007FF78AD5A73D+3414941]
	GetHandleVerifier [0x00007FF78AD6E64A+3496618]
	GetHandleVerifier [0x00007FF78AD6413D+3454365]
	GetHandleVerifier [0x00007FF78AAE848B+850155]
	(No symbol) [0x00007FF78A9937FF]
	(No symbol) [0x00007FF78A98F0C4]
	(No symbol) [0x00007FF78A98F25D]
	(No symbol) [0x00007FF78A97E079]
	BaseThreadInitThunk [0x00007FFB18D8259D+29]
	RtlUserThreadStart [0x00007FFB19A2AF38+40]
</msg>
<msg time="2025-01-26T12:13:30.959418" level="FAIL">NoSuchWindowException: Message: no such window: target window already closed
from unknown error: web view not found
  (Session info: chrome=132.0.6834.84)
Stacktrace:
	GetHandleVerifier [0x00007FF78AA1FBE5+28741]
	(No symbol) [0x00007FF78A987890]
	(No symbol) [0x00007FF78A824FDA]
	(No symbol) [0x00007FF78A7FED45]
	(No symbol) [0x00007FF78A8A6EC7]
	(No symbol) [0x00007FF78A8BF982]
	(No symbol) [0x00007FF78A89FCB3]
	(No symbol) [0x00007FF78A869FB3]
	(No symbol) [0x00007FF78A86B331]
	GetHandleVerifier [0x00007FF78AD5A73D+3414941]
	GetHandleVerifier [0x00007FF78AD6E64A+3496618]
	GetHandleVerifier [0x00007FF78AD6413D+3454365]
	GetHandleVerifier [0x00007FF78AAE848B+850155]
	(No symbol) [0x00007FF78A9937FF]
	(No symbol) [0x00007FF78A98F0C4]
	(No symbol) [0x00007FF78A98F25D]
	(No symbol) [0x00007FF78A97E079]
	BaseThreadInitThunk [0x00007FFB18D8259D+29]
	RtlUserThreadStart [0x00007FFB19A2AF38+40]
</msg>
<doc>Takes a screenshot of the current page and embeds it into a log file.</doc>
<status status="FAIL" start="2025-01-26T12:13:30.953948" elapsed="0.006715">NoSuchWindowException: Message: no such window: target window already closed
from unknown error: web view not found
  (Session info: chrome=132.0.6834.84)
Stacktrace:
	GetHandleVerifier [0x00007FF78AA1FBE5+28741]
	(No symbol) [0x00007FF78A987890]
	(No symbol) [0x00007FF78A824FDA]
	(No symbol) [0x00007FF78A7FED45]
	(No symbol) [0x00007FF78A8A6EC7]
	(No symbol) [0x00007FF78A8BF982]
	(No symbol) [0x00007FF78A89FCB3]
	(No symbol) [0x00007FF78A869FB3]
	(No symbol) [0x00007FF78A86B331]
	GetHandleVerifier [0x00007FF78AD5A73D+3414941]
	GetHandleVerifier [0x00007FF78AD6E64A+3496618]
	GetHandleVerifier [0x00007FF78AD6413D+3454365]
	GetHandleVerifier [0x00007FF78AAE848B+850155]
	(No symbol) [0x00007FF78A9937FF]
	(No symbol) [0x00007FF78A98F0C4]
	(No symbol) [0x00007FF78A98F25D]
	(No symbol) [0x00007FF78A97E079]
	BaseThreadInitThunk [0x00007FFB18D8259D+29]
	RtlUserThreadStart [0x00007FFB19A2AF38+40]
</status>
</kw>
<arg>Capture Page Screenshot</arg>
<doc>Runs the given keyword with the given arguments, if the test failed.</doc>
<status status="FAIL" start="2025-01-26T12:13:30.953721" elapsed="0.007045">NoSuchWindowException: Message: no such window: target window already closed
from unknown error: web view not found
  (Session info: chrome=132.0.6834.84)
Stacktrace:
	GetHandleVerifier [0x00007FF78AA1FBE5+28741]
	(No symbol) [0x00007FF78A987890]
	(No symbol) [0x00007FF78A824FDA]
	(No symbol) [0x00007FF78A7FED45]
	(No symbol) [0x00007FF78A8A6EC7]
	(No symbol) [0x00007FF78A8BF982]
	(No symbol) [0x00007FF78A89FCB3]
	(No symbol) [0x00007FF78A869FB3]
	(No symbol) [0x00007FF78A86B331]
	GetHandleVerifier [0x00007FF78AD5A73D+3414941]
	GetHandleVerifier [0x00007FF78AD6E64A+3496618]
	GetHandleVerifier [0x00007FF78AD6413D+3454365]
	GetHandleVerifier [0x00007FF78AAE848B+850155]
	(No symbol) [0x00007FF78A9937FF]
	(No symbol) [0x00007FF78A98F0C4]
	(No symbol) [0x00007FF78A98F25D]
	(No symbol) [0x00007FF78A97E079]
	BaseThreadInitThunk [0x00007FFB18D8259D+29]
	RtlUserThreadStart [0x00007FFB19A2AF38+40]
</status>
</kw>
<doc>Verify that when a vaid date is selected, the date appears in the field</doc>
<tag>High</tag>
<tag>UC-STAYS</tag>
<status status="FAIL" start="2025-01-26T12:13:30.950626" elapsed="0.010331">Variable '${current_date}' not found.

Also teardown failed:
NoSuchWindowException: Message: no such window: target window already closed
from unknown error: web view not found
  (Session info: chrome=132.0.6834.84)
Stacktrace:
	GetHandleVerifier [0x00007FF78AA1FBE5+28741]
	(No symbol) [0x00007FF78A987890]
	(No symbol) [0x00007FF78A824FDA]
	(No symbol) [0x00007FF78A7FED45]
	(No symbol) [0x00007FF78A8A6EC7]
	(No symbol) [0x00007FF78A8BF982]
	(No symbol) [0x00007FF78A89FCB3]
	(No symbol) [0x00007FF78A869FB3]
	(No symbol) [0x00007FF78A86B331]
	GetHandleVerifier [0x00007FF78AD5A73D+3414941]
	GetHandleVerifier [0x00007FF78AD6E64A+3496618]
	GetHandleVerifier [0x00007FF78AD6413D+3454365]
	GetHandleVerifier [0x00007FF78AAE848B+850155]
	(No symbol) [0x00007FF78A9937FF]
	(No symbol) [0x00007FF78A98F0C4]
	(No symbol) [0x00007FF78A98F25D]
	(No symbol) [0x00007FF78A97E079]
	BaseThreadInitThunk [0x00007FFB18D8259D+29]
	RtlUserThreadStart [0x00007FFB19A2AF38+40]
</status>
</test>
<kw name="Close All Browsers" owner="SeleniumLibrary" type="TEARDOWN">
<doc>Closes all open browsers and resets the browser cache.</doc>
<status status="PASS" start="2025-01-26T12:13:30.964301" elapsed="2.074312"/>
</kw>
<status status="FAIL" start="2025-01-26T12:13:16.258560" elapsed="16.780237"/>
</suite>
<statistics>
<total>
<stat pass="0" fail="6" skip="0">All Tests</stat>
</total>
<tag>
<stat pass="0" fail="3" skip="0">High</stat>
<stat pass="0" fail="3" skip="0">Medium</stat>
<stat pass="0" fail="6" skip="0">UC-STAYS</stat>
</tag>
<suite>
<stat pass="0" fail="6" skip="0" id="s1" name="Stays.Feature">Stays.Feature</stat>
</suite>
</statistics>
<errors>
<msg time="2025-01-26T12:13:28.728773" level="WARN">Keyword 'Get Element Attribute' found both from a custom library 'SeleniumLibrary' and a standard library 'XML'. The custom keyword is used. To select explicitly, and to get rid of this warning, use either 'SeleniumLibrary.Get Element Attribute' or 'XML.Get Element Attribute'.</msg>
<msg time="2025-01-26T12:13:30.827870" level="WARN">Keyword 'Capture Page Screenshot' could not be run on failure: Message: no such window: target window already closed
from unknown error: web view not found
  (Session info: chrome=132.0.6834.84)
Stacktrace:
	GetHandleVerifier [0x00007FF78AA1FBE5+28741]
	(No symbol) [0x00007FF78A987890]
	(No symbol) [0x00007FF78A824FDA]
	(No symbol) [0x00007FF78A7FED45]
	(No symbol) [0x00007FF78A8A6EC7]
	(No symbol) [0x00007FF78A8BF982]
	(No symbol) [0x00007FF78A89FCB3]
	(No symbol) [0x00007FF78A869FB3]
	(No symbol) [0x00007FF78A86B331]
	GetHandleVerifier [0x00007FF78AD5A73D+3414941]
	GetHandleVerifier [0x00007FF78AD6E64A+3496618]
	GetHandleVerifier [0x00007FF78AD6413D+3454365]
	GetHandleVerifier [0x00007FF78AAE848B+850155]
	(No symbol) [0x00007FF78A9937FF]
	(No symbol) [0x00007FF78A98F0C4]
	(No symbol) [0x00007FF78A98F25D]
	(No symbol) [0x00007FF78A97E079]
	BaseThreadInitThunk [0x00007FFB18D8259D+29]
	RtlUserThreadStart [0x00007FFB19A2AF38+40]
</msg>
<msg time="2025-01-26T12:13:30.847333" level="WARN">Keyword 'Capture Page Screenshot' could not be run on failure: Message: no such window: target window already closed
from unknown error: web view not found
  (Session info: chrome=132.0.6834.84)
Stacktrace:
	GetHandleVerifier [0x00007FF78AA1FBE5+28741]
	(No symbol) [0x00007FF78A987890]
	(No symbol) [0x00007FF78A824FDA]
	(No symbol) [0x00007FF78A7FED45]
	(No symbol) [0x00007FF78A8A6EC7]
	(No symbol) [0x00007FF78A8BF982]
	(No symbol) [0x00007FF78A89FCB3]
	(No symbol) [0x00007FF78A869FB3]
	(No symbol) [0x00007FF78A86B331]
	GetHandleVerifier [0x00007FF78AD5A73D+3414941]
	GetHandleVerifier [0x00007FF78AD6E64A+3496618]
	GetHandleVerifier [0x00007FF78AD6413D+3454365]
	GetHandleVerifier [0x00007FF78AAE848B+850155]
	(No symbol) [0x00007FF78A9937FF]
	(No symbol) [0x00007FF78A98F0C4]
	(No symbol) [0x00007FF78A98F25D]
	(No symbol) [0x00007FF78A97E079]
	BaseThreadInitThunk [0x00007FFB18D8259D+29]
	RtlUserThreadStart [0x00007FFB19A2AF38+40]
</msg>
<msg time="2025-01-26T12:13:30.867889" level="WARN">Keyword 'Capture Page Screenshot' could not be run on failure: Message: no such window: target window already closed
from unknown error: web view not found
  (Session info: chrome=132.0.6834.84)
Stacktrace:
	GetHandleVerifier [0x00007FF78AA1FBE5+28741]
	(No symbol) [0x00007FF78A987890]
	(No symbol) [0x00007FF78A824FDA]
	(No symbol) [0x00007FF78A7FED45]
	(No symbol) [0x00007FF78A8A6EC7]
	(No symbol) [0x00007FF78A8BF982]
	(No symbol) [0x00007FF78A89FCB3]
	(No symbol) [0x00007FF78A869FB3]
	(No symbol) [0x00007FF78A86B331]
	GetHandleVerifier [0x00007FF78AD5A73D+3414941]
	GetHandleVerifier [0x00007FF78AD6E64A+3496618]
	GetHandleVerifier [0x00007FF78AD6413D+3454365]
	GetHandleVerifier [0x00007FF78AAE848B+850155]
	(No symbol) [0x00007FF78A9937FF]
	(No symbol) [0x00007FF78A98F0C4]
	(No symbol) [0x00007FF78A98F25D]
	(No symbol) [0x00007FF78A97E079]
	BaseThreadInitThunk [0x00007FFB18D8259D+29]
	RtlUserThreadStart [0x00007FFB19A2AF38+40]
</msg>
<msg time="2025-01-26T12:13:30.880403" level="WARN">Keyword 'Capture Page Screenshot' could not be run on failure: Message: no such window: target window already closed
from unknown error: web view not found
  (Session info: chrome=132.0.6834.84)
Stacktrace:
	GetHandleVerifier [0x00007FF78AA1FBE5+28741]
	(No symbol) [0x00007FF78A987890]
	(No symbol) [0x00007FF78A824FDA]
	(No symbol) [0x00007FF78A7FED45]
	(No symbol) [0x00007FF78A8A6EC7]
	(No symbol) [0x00007FF78A8BF982]
	(No symbol) [0x00007FF78A89FCB3]
	(No symbol) [0x00007FF78A869FB3]
	(No symbol) [0x00007FF78A86B331]
	GetHandleVerifier [0x00007FF78AD5A73D+3414941]
	GetHandleVerifier [0x00007FF78AD6E64A+3496618]
	GetHandleVerifier [0x00007FF78AD6413D+3454365]
	GetHandleVerifier [0x00007FF78AAE848B+850155]
	(No symbol) [0x00007FF78A9937FF]
	(No symbol) [0x00007FF78A98F0C4]
	(No symbol) [0x00007FF78A98F25D]
	(No symbol) [0x00007FF78A97E079]
	BaseThreadInitThunk [0x00007FFB18D8259D+29]
	RtlUserThreadStart [0x00007FFB19A2AF38+40]
</msg>
<msg time="2025-01-26T12:13:30.893104" level="WARN">Keyword 'Capture Page Screenshot' could not be run on failure: Message: no such window: target window already closed
from unknown error: web view not found
  (Session info: chrome=132.0.6834.84)
Stacktrace:
	GetHandleVerifier [0x00007FF78AA1FBE5+28741]
	(No symbol) [0x00007FF78A987890]
	(No symbol) [0x00007FF78A824FDA]
	(No symbol) [0x00007FF78A7FED45]
	(No symbol) [0x00007FF78A8A6EC7]
	(No symbol) [0x00007FF78A8BF982]
	(No symbol) [0x00007FF78A89FCB3]
	(No symbol) [0x00007FF78A869FB3]
	(No symbol) [0x00007FF78A86B331]
	GetHandleVerifier [0x00007FF78AD5A73D+3414941]
	GetHandleVerifier [0x00007FF78AD6E64A+3496618]
	GetHandleVerifier [0x00007FF78AD6413D+3454365]
	GetHandleVerifier [0x00007FF78AAE848B+850155]
	(No symbol) [0x00007FF78A9937FF]
	(No symbol) [0x00007FF78A98F0C4]
	(No symbol) [0x00007FF78A98F25D]
	(No symbol) [0x00007FF78A97E079]
	BaseThreadInitThunk [0x00007FFB18D8259D+29]
	RtlUserThreadStart [0x00007FFB19A2AF38+40]
</msg>
<msg time="2025-01-26T12:13:30.900796" level="WARN">Keyword 'Capture Page Screenshot' could not be run on failure: Message: no such window: target window already closed
from unknown error: web view not found
  (Session info: chrome=132.0.6834.84)
Stacktrace:
	GetHandleVerifier [0x00007FF78AA1FBE5+28741]
	(No symbol) [0x00007FF78A987890]
	(No symbol) [0x00007FF78A824FDA]
	(No symbol) [0x00007FF78A7FED45]
	(No symbol) [0x00007FF78A8A6EC7]
	(No symbol) [0x00007FF78A8BF982]
	(No symbol) [0x00007FF78A89FCB3]
	(No symbol) [0x00007FF78A869FB3]
	(No symbol) [0x00007FF78A86B331]
	GetHandleVerifier [0x00007FF78AD5A73D+3414941]
	GetHandleVerifier [0x00007FF78AD6E64A+3496618]
	GetHandleVerifier [0x00007FF78AD6413D+3454365]
	GetHandleVerifier [0x00007FF78AAE848B+850155]
	(No symbol) [0x00007FF78A9937FF]
	(No symbol) [0x00007FF78A98F0C4]
	(No symbol) [0x00007FF78A98F25D]
	(No symbol) [0x00007FF78A97E079]
	BaseThreadInitThunk [0x00007FFB18D8259D+29]
	RtlUserThreadStart [0x00007FFB19A2AF38+40]
</msg>
<msg time="2025-01-26T12:13:30.912383" level="WARN">Keyword 'Capture Page Screenshot' could not be run on failure: Message: no such window: target window already closed
from unknown error: web view not found
  (Session info: chrome=132.0.6834.84)
Stacktrace:
	GetHandleVerifier [0x00007FF78AA1FBE5+28741]
	(No symbol) [0x00007FF78A987890]
	(No symbol) [0x00007FF78A824FDA]
	(No symbol) [0x00007FF78A7FED45]
	(No symbol) [0x00007FF78A8A6EC7]
	(No symbol) [0x00007FF78A8BF982]
	(No symbol) [0x00007FF78A89FCB3]
	(No symbol) [0x00007FF78A869FB3]
	(No symbol) [0x00007FF78A86B331]
	GetHandleVerifier [0x00007FF78AD5A73D+3414941]
	GetHandleVerifier [0x00007FF78AD6E64A+3496618]
	GetHandleVerifier [0x00007FF78AD6413D+3454365]
	GetHandleVerifier [0x00007FF78AAE848B+850155]
	(No symbol) [0x00007FF78A9937FF]
	(No symbol) [0x00007FF78A98F0C4]
	(No symbol) [0x00007FF78A98F25D]
	(No symbol) [0x00007FF78A97E079]
	BaseThreadInitThunk [0x00007FFB18D8259D+29]
	RtlUserThreadStart [0x00007FFB19A2AF38+40]
</msg>
<msg time="2025-01-26T12:13:30.919168" level="WARN">Keyword 'Capture Page Screenshot' could not be run on failure: Message: no such window: target window already closed
from unknown error: web view not found
  (Session info: chrome=132.0.6834.84)
Stacktrace:
	GetHandleVerifier [0x00007FF78AA1FBE5+28741]
	(No symbol) [0x00007FF78A987890]
	(No symbol) [0x00007FF78A824FDA]
	(No symbol) [0x00007FF78A7FED45]
	(No symbol) [0x00007FF78A8A6EC7]
	(No symbol) [0x00007FF78A8BF982]
	(No symbol) [0x00007FF78A89FCB3]
	(No symbol) [0x00007FF78A869FB3]
	(No symbol) [0x00007FF78A86B331]
	GetHandleVerifier [0x00007FF78AD5A73D+3414941]
	GetHandleVerifier [0x00007FF78AD6E64A+3496618]
	GetHandleVerifier [0x00007FF78AD6413D+3454365]
	GetHandleVerifier [0x00007FF78AAE848B+850155]
	(No symbol) [0x00007FF78A9937FF]
	(No symbol) [0x00007FF78A98F0C4]
	(No symbol) [0x00007FF78A98F25D]
	(No symbol) [0x00007FF78A97E079]
	BaseThreadInitThunk [0x00007FFB18D8259D+29]
	RtlUserThreadStart [0x00007FFB19A2AF38+40]
</msg>
<msg time="2025-01-26T12:13:30.931246" level="WARN">Keyword 'Capture Page Screenshot' could not be run on failure: Message: no such window: target window already closed
from unknown error: web view not found
  (Session info: chrome=132.0.6834.84)
Stacktrace:
	GetHandleVerifier [0x00007FF78AA1FBE5+28741]
	(No symbol) [0x00007FF78A987890]
	(No symbol) [0x00007FF78A824FDA]
	(No symbol) [0x00007FF78A7FED45]
	(No symbol) [0x00007FF78A8A6EC7]
	(No symbol) [0x00007FF78A8BF982]
	(No symbol) [0x00007FF78A89FCB3]
	(No symbol) [0x00007FF78A869FB3]
	(No symbol) [0x00007FF78A86B331]
	GetHandleVerifier [0x00007FF78AD5A73D+3414941]
	GetHandleVerifier [0x00007FF78AD6E64A+3496618]
	GetHandleVerifier [0x00007FF78AD6413D+3454365]
	GetHandleVerifier [0x00007FF78AAE848B+850155]
	(No symbol) [0x00007FF78A9937FF]
	(No symbol) [0x00007FF78A98F0C4]
	(No symbol) [0x00007FF78A98F25D]
	(No symbol) [0x00007FF78A97E079]
	BaseThreadInitThunk [0x00007FFB18D8259D+29]
	RtlUserThreadStart [0x00007FFB19A2AF38+40]
</msg>
<msg time="2025-01-26T12:13:30.943908" level="WARN">Keyword 'Capture Page Screenshot' could not be run on failure: Message: no such window: target window already closed
from unknown error: web view not found
  (Session info: chrome=132.0.6834.84)
Stacktrace:
	GetHandleVerifier [0x00007FF78AA1FBE5+28741]
	(No symbol) [0x00007FF78A987890]
	(No symbol) [0x00007FF78A824FDA]
	(No symbol) [0x00007FF78A7FED45]
	(No symbol) [0x00007FF78A8A6EC7]
	(No symbol) [0x00007FF78A8BF982]
	(No symbol) [0x00007FF78A89FCB3]
	(No symbol) [0x00007FF78A869FB3]
	(No symbol) [0x00007FF78A86B331]
	GetHandleVerifier [0x00007FF78AD5A73D+3414941]
	GetHandleVerifier [0x00007FF78AD6E64A+3496618]
	GetHandleVerifier [0x00007FF78AD6413D+3454365]
	GetHandleVerifier [0x00007FF78AAE848B+850155]
	(No symbol) [0x00007FF78A9937FF]
	(No symbol) [0x00007FF78A98F0C4]
	(No symbol) [0x00007FF78A98F25D]
	(No symbol) [0x00007FF78A97E079]
	BaseThreadInitThunk [0x00007FFB18D8259D+29]
	RtlUserThreadStart [0x00007FFB19A2AF38+40]
</msg>
<msg time="2025-01-26T12:13:30.956833" level="WARN">Keyword 'Capture Page Screenshot' could not be run on failure: Message: no such window: target window already closed
from unknown error: web view not found
  (Session info: chrome=132.0.6834.84)
Stacktrace:
	GetHandleVerifier [0x00007FF78AA1FBE5+28741]
	(No symbol) [0x00007FF78A987890]
	(No symbol) [0x00007FF78A824FDA]
	(No symbol) [0x00007FF78A7FED45]
	(No symbol) [0x00007FF78A8A6EC7]
	(No symbol) [0x00007FF78A8BF982]
	(No symbol) [0x00007FF78A89FCB3]
	(No symbol) [0x00007FF78A869FB3]
	(No symbol) [0x00007FF78A86B331]
	GetHandleVerifier [0x00007FF78AD5A73D+3414941]
	GetHandleVerifier [0x00007FF78AD6E64A+3496618]
	GetHandleVerifier [0x00007FF78AD6413D+3454365]
	GetHandleVerifier [0x00007FF78AAE848B+850155]
	(No symbol) [0x00007FF78A9937FF]
	(No symbol) [0x00007FF78A98F0C4]
	(No symbol) [0x00007FF78A98F25D]
	(No symbol) [0x00007FF78A97E079]
	BaseThreadInitThunk [0x00007FFB18D8259D+29]
	RtlUserThreadStart [0x00007FFB19A2AF38+40]
</msg>
</errors>
</robot>
